2025-06-12 16:56:35,934 INFO: 
                ____                _       _____  ____
               / __ ) ____ _ _____ (_)_____/ ___/ / __ \
              / __  |/ __ `// ___// // ___/\__ \ / /_/ /
             / /_/ // /_/ /(__  )/ // /__ ___/ // _, _/
            /_____/ \__,_//____//_/ \___//____//_/ |_|
     ______                   __   __                 __      __
    / ____/____   ____   ____/ /  / /   __  __ _____ / /__   / /
   / / __ / __ \ / __ \ / __  /  / /   / / / // ___// //_/  / /
  / /_/ // /_/ // /_/ // /_/ /  / /___/ /_/ // /__ / /<    /_/
  \____/ \____/ \____/ \____/  /_____/\____/ \___//_/|_|  (_)
    
Version Information: 
	BasicSR: 1.4.2
	PyTorch: 2.7.0+cu128
	TorchVision: 0.22.0+cu128
2025-06-12 16:56:35,935 INFO: 
  name: train_anime_RealESRNetx4plus_1000k_B12G4
  model_type: RealESRNetModel
  scale: 4
  num_gpu: 1
  manual_seed: 0
  gt_usm: True
  resize_prob: [0.2, 0.7, 0.1]
  resize_range: [0.15, 1.5]
  gaussian_noise_prob: 0.5
  noise_range: [1, 30]
  poisson_scale_range: [0.05, 3]
  gray_noise_prob: 0.4
  jpeg_range: [30, 95]
  second_blur_prob: 0.8
  resize_prob2: [0.3, 0.4, 0.3]
  resize_range2: [0.3, 1.2]
  gaussian_noise_prob2: 0.5
  noise_range2: [1, 25]
  poisson_scale_range2: [0.05, 2.5]
  gray_noise_prob2: 0.4
  jpeg_range2: [30, 95]
  gt_size: 256
  queue_size: 120
  datasets:[
    train:[
      name: Anime
      type: RealESRGANDataset
      dataroot_gt: datasets/anime
      meta_info: datasets/anime/meta_info_train.txt
      io_backend:[
        type: disk
      ]
      blur_kernel_size: 21
      kernel_list: ['iso', 'aniso', 'generalized_iso', 'generalized_aniso', 'plateau_iso', 'plateau_aniso']
      kernel_prob: [0.45, 0.25, 0.12, 0.03, 0.12, 0.03]
      sinc_prob: 0.1
      blur_sigma: [0.2, 3]
      betag_range: [0.5, 4]
      betap_range: [1, 2]
      blur_kernel_size2: 21
      kernel_list2: ['iso', 'aniso', 'generalized_iso', 'generalized_aniso', 'plateau_iso', 'plateau_aniso']
      kernel_prob2: [0.45, 0.25, 0.12, 0.03, 0.12, 0.03]
      sinc_prob2: 0.1
      blur_sigma2: [0.2, 1.5]
      betag_range2: [0.5, 4]
      betap_range2: [1, 2]
      final_sinc_prob: 0.8
      gt_size: 256
      use_hflip: True
      use_rot: False
      use_shuffle: True
      num_worker_per_gpu: 8
      batch_size_per_gpu: 12
      dataset_enlarge_ratio: 1
      prefetch_mode: None
      phase: train
      scale: 4
    ]
    val:[
      name: validation
      type: PairedImageDataset
      dataroot_gt: datasets/anime/galData_val
      dataroot_lq: datasets/anime/galData_val_lr_x4_bicubic
      io_backend:[
        type: disk
      ]
      phase: val
      scale: 4
    ]
  ]
  network_g:[
    type: RRDBNet
    num_in_ch: 3
    num_out_ch: 3
    num_feat: 64
    num_block: 23
    num_grow_ch: 32
  ]
  path:[
    pretrain_network_g: G:\AI\Anime-ESR\experiments\train_anime_RealESRNetx4plus_1000k_B12G4\models\net_g_930000.pth
    param_key_g: params
    strict_load_g: True
    resume_state: experiments\train_anime_RealESRNetx4plus_1000k_B12G4\training_states\930000.state
    experiments_root: G:\AI\Anime-ESR\experiments\train_anime_RealESRNetx4plus_1000k_B12G4
    models: G:\AI\Anime-ESR\experiments\train_anime_RealESRNetx4plus_1000k_B12G4\models
    training_states: G:\AI\Anime-ESR\experiments\train_anime_RealESRNetx4plus_1000k_B12G4\training_states
    log: G:\AI\Anime-ESR\experiments\train_anime_RealESRNetx4plus_1000k_B12G4
    visualization: G:\AI\Anime-ESR\experiments\train_anime_RealESRNetx4plus_1000k_B12G4\visualization
  ]
  train:[
    ema_decay: 0.999
    optim_g:[
      type: Adam
      lr: 0.0002
      weight_decay: 0
      betas: [0.9, 0.99]
    ]
    scheduler:[
      type: MultiStepLR
      milestones: [1000000]
      gamma: 0.5
    ]
    total_iter: 1000000
    warmup_iter: -1
    pixel_opt:[
      type: L1Loss
      loss_weight: 1.0
      reduction: mean
    ]
  ]
  val:[
    val_freq: 5000.0
    save_img: True
    metrics:[
      psnr:[
        type: calculate_psnr
        crop_border: 4
        test_y_channel: False
      ]
    ]
  ]
  logger:[
    print_freq: 100
    save_checkpoint_freq: 200.0
    use_tb_logger: True
    wandb:[
      project: None
      resume_id: None
    ]
  ]
  dist_params:[
    backend: nccl
    port: 29500
  ]
  dist: False
  rank: 0
  world_size: 1
  auto_resume: True
  is_train: True
  root_path: G:\AI\Anime-ESR

2025-06-12 16:56:36,584 INFO: Dataset [RealESRGANDataset] - Anime is built.
2025-06-12 16:56:36,584 INFO: Training statistics:
	Number of train images: 299263
	Dataset enlarge ratio: 1
	Batch size per gpu: 12
	World size (gpu number): 1
	Require iter number per epoch: 24939
	Total epochs: 41; iters: 1000000.
2025-06-12 16:56:36,604 INFO: Dataset [PairedImageDataset] - validation is built.
2025-06-12 16:56:36,605 INFO: Number of val images/folders in validation: 488
2025-06-12 16:56:36,773 INFO: Network [RRDBNet] is created.
2025-06-12 16:56:36,815 INFO: Network: RRDBNet, with parameters: 16,697,987
2025-06-12 16:56:36,815 INFO: RRDBNet(
  (conv_first): Conv2d(3, 64, kernel_size=(3, 3), stride=(1, 1), padding=(1, 1))
  (body): Sequential(
    (0): RRDB(
      (rdb1): ResidualDenseBlock(
        (conv1): Conv2d(64, 32, kernel_size=(3, 3), stride=(1, 1), padding=(1, 1))
        (conv2): Conv2d(96, 32, kernel_size=(3, 3), stride=(1, 1), padding=(1, 1))
        (conv3): Conv2d(128, 32, kernel_size=(3, 3), stride=(1, 1), padding=(1, 1))
        (conv4): Conv2d(160, 32, kernel_size=(3, 3), stride=(1, 1), padding=(1, 1))
        (conv5): Conv2d(192, 64, kernel_size=(3, 3), stride=(1, 1), padding=(1, 1))
        (lrelu): LeakyReLU(negative_slope=0.2, inplace=True)
      )
      (rdb2): ResidualDenseBlock(
        (conv1): Conv2d(64, 32, kernel_size=(3, 3), stride=(1, 1), padding=(1, 1))
        (conv2): Conv2d(96, 32, kernel_size=(3, 3), stride=(1, 1), padding=(1, 1))
        (conv3): Conv2d(128, 32, kernel_size=(3, 3), stride=(1, 1), padding=(1, 1))
        (conv4): Conv2d(160, 32, kernel_size=(3, 3), stride=(1, 1), padding=(1, 1))
        (conv5): Conv2d(192, 64, kernel_size=(3, 3), stride=(1, 1), padding=(1, 1))
        (lrelu): LeakyReLU(negative_slope=0.2, inplace=True)
      )
      (rdb3): ResidualDenseBlock(
        (conv1): Conv2d(64, 32, kernel_size=(3, 3), stride=(1, 1), padding=(1, 1))
        (conv2): Conv2d(96, 32, kernel_size=(3, 3), stride=(1, 1), padding=(1, 1))
        (conv3): Conv2d(128, 32, kernel_size=(3, 3), stride=(1, 1), padding=(1, 1))
        (conv4): Conv2d(160, 32, kernel_size=(3, 3), stride=(1, 1), padding=(1, 1))
        (conv5): Conv2d(192, 64, kernel_size=(3, 3), stride=(1, 1), padding=(1, 1))
        (lrelu): LeakyReLU(negative_slope=0.2, inplace=True)
      )
    )
    (1): RRDB(
      (rdb1): ResidualDenseBlock(
        (conv1): Conv2d(64, 32, kernel_size=(3, 3), stride=(1, 1), padding=(1, 1))
        (conv2): Conv2d(96, 32, kernel_size=(3, 3), stride=(1, 1), padding=(1, 1))
        (conv3): Conv2d(128, 32, kernel_size=(3, 3), stride=(1, 1), padding=(1, 1))
        (conv4): Conv2d(160, 32, kernel_size=(3, 3), stride=(1, 1), padding=(1, 1))
        (conv5): Conv2d(192, 64, kernel_size=(3, 3), stride=(1, 1), padding=(1, 1))
        (lrelu): LeakyReLU(negative_slope=0.2, inplace=True)
      )
      (rdb2): ResidualDenseBlock(
        (conv1): Conv2d(64, 32, kernel_size=(3, 3), stride=(1, 1), padding=(1, 1))
        (conv2): Conv2d(96, 32, kernel_size=(3, 3), stride=(1, 1), padding=(1, 1))
        (conv3): Conv2d(128, 32, kernel_size=(3, 3), stride=(1, 1), padding=(1, 1))
        (conv4): Conv2d(160, 32, kernel_size=(3, 3), stride=(1, 1), padding=(1, 1))
        (conv5): Conv2d(192, 64, kernel_size=(3, 3), stride=(1, 1), padding=(1, 1))
        (lrelu): LeakyReLU(negative_slope=0.2, inplace=True)
      )
      (rdb3): ResidualDenseBlock(
        (conv1): Conv2d(64, 32, kernel_size=(3, 3), stride=(1, 1), padding=(1, 1))
        (conv2): Conv2d(96, 32, kernel_size=(3, 3), stride=(1, 1), padding=(1, 1))
        (conv3): Conv2d(128, 32, kernel_size=(3, 3), stride=(1, 1), padding=(1, 1))
        (conv4): Conv2d(160, 32, kernel_size=(3, 3), stride=(1, 1), padding=(1, 1))
        (conv5): Conv2d(192, 64, kernel_size=(3, 3), stride=(1, 1), padding=(1, 1))
        (lrelu): LeakyReLU(negative_slope=0.2, inplace=True)
      )
    )
    (2): RRDB(
      (rdb1): ResidualDenseBlock(
        (conv1): Conv2d(64, 32, kernel_size=(3, 3), stride=(1, 1), padding=(1, 1))
        (conv2): Conv2d(96, 32, kernel_size=(3, 3), stride=(1, 1), padding=(1, 1))
        (conv3): Conv2d(128, 32, kernel_size=(3, 3), stride=(1, 1), padding=(1, 1))
        (conv4): Conv2d(160, 32, kernel_size=(3, 3), stride=(1, 1), padding=(1, 1))
        (conv5): Conv2d(192, 64, kernel_size=(3, 3), stride=(1, 1), padding=(1, 1))
        (lrelu): LeakyReLU(negative_slope=0.2, inplace=True)
      )
      (rdb2): ResidualDenseBlock(
        (conv1): Conv2d(64, 32, kernel_size=(3, 3), stride=(1, 1), padding=(1, 1))
        (conv2): Conv2d(96, 32, kernel_size=(3, 3), stride=(1, 1), padding=(1, 1))
        (conv3): Conv2d(128, 32, kernel_size=(3, 3), stride=(1, 1), padding=(1, 1))
        (conv4): Conv2d(160, 32, kernel_size=(3, 3), stride=(1, 1), padding=(1, 1))
        (conv5): Conv2d(192, 64, kernel_size=(3, 3), stride=(1, 1), padding=(1, 1))
        (lrelu): LeakyReLU(negative_slope=0.2, inplace=True)
      )
      (rdb3): ResidualDenseBlock(
        (conv1): Conv2d(64, 32, kernel_size=(3, 3), stride=(1, 1), padding=(1, 1))
        (conv2): Conv2d(96, 32, kernel_size=(3, 3), stride=(1, 1), padding=(1, 1))
        (conv3): Conv2d(128, 32, kernel_size=(3, 3), stride=(1, 1), padding=(1, 1))
        (conv4): Conv2d(160, 32, kernel_size=(3, 3), stride=(1, 1), padding=(1, 1))
        (conv5): Conv2d(192, 64, kernel_size=(3, 3), stride=(1, 1), padding=(1, 1))
        (lrelu): LeakyReLU(negative_slope=0.2, inplace=True)
      )
    )
    (3): RRDB(
      (rdb1): ResidualDenseBlock(
        (conv1): Conv2d(64, 32, kernel_size=(3, 3), stride=(1, 1), padding=(1, 1))
        (conv2): Conv2d(96, 32, kernel_size=(3, 3), stride=(1, 1), padding=(1, 1))
        (conv3): Conv2d(128, 32, kernel_size=(3, 3), stride=(1, 1), padding=(1, 1))
        (conv4): Conv2d(160, 32, kernel_size=(3, 3), stride=(1, 1), padding=(1, 1))
        (conv5): Conv2d(192, 64, kernel_size=(3, 3), stride=(1, 1), padding=(1, 1))
        (lrelu): LeakyReLU(negative_slope=0.2, inplace=True)
      )
      (rdb2): ResidualDenseBlock(
        (conv1): Conv2d(64, 32, kernel_size=(3, 3), stride=(1, 1), padding=(1, 1))
        (conv2): Conv2d(96, 32, kernel_size=(3, 3), stride=(1, 1), padding=(1, 1))
        (conv3): Conv2d(128, 32, kernel_size=(3, 3), stride=(1, 1), padding=(1, 1))
        (conv4): Conv2d(160, 32, kernel_size=(3, 3), stride=(1, 1), padding=(1, 1))
        (conv5): Conv2d(192, 64, kernel_size=(3, 3), stride=(1, 1), padding=(1, 1))
        (lrelu): LeakyReLU(negative_slope=0.2, inplace=True)
      )
      (rdb3): ResidualDenseBlock(
        (conv1): Conv2d(64, 32, kernel_size=(3, 3), stride=(1, 1), padding=(1, 1))
        (conv2): Conv2d(96, 32, kernel_size=(3, 3), stride=(1, 1), padding=(1, 1))
        (conv3): Conv2d(128, 32, kernel_size=(3, 3), stride=(1, 1), padding=(1, 1))
        (conv4): Conv2d(160, 32, kernel_size=(3, 3), stride=(1, 1), padding=(1, 1))
        (conv5): Conv2d(192, 64, kernel_size=(3, 3), stride=(1, 1), padding=(1, 1))
        (lrelu): LeakyReLU(negative_slope=0.2, inplace=True)
      )
    )
    (4): RRDB(
      (rdb1): ResidualDenseBlock(
        (conv1): Conv2d(64, 32, kernel_size=(3, 3), stride=(1, 1), padding=(1, 1))
        (conv2): Conv2d(96, 32, kernel_size=(3, 3), stride=(1, 1), padding=(1, 1))
        (conv3): Conv2d(128, 32, kernel_size=(3, 3), stride=(1, 1), padding=(1, 1))
        (conv4): Conv2d(160, 32, kernel_size=(3, 3), stride=(1, 1), padding=(1, 1))
        (conv5): Conv2d(192, 64, kernel_size=(3, 3), stride=(1, 1), padding=(1, 1))
        (lrelu): LeakyReLU(negative_slope=0.2, inplace=True)
      )
      (rdb2): ResidualDenseBlock(
        (conv1): Conv2d(64, 32, kernel_size=(3, 3), stride=(1, 1), padding=(1, 1))
        (conv2): Conv2d(96, 32, kernel_size=(3, 3), stride=(1, 1), padding=(1, 1))
        (conv3): Conv2d(128, 32, kernel_size=(3, 3), stride=(1, 1), padding=(1, 1))
        (conv4): Conv2d(160, 32, kernel_size=(3, 3), stride=(1, 1), padding=(1, 1))
        (conv5): Conv2d(192, 64, kernel_size=(3, 3), stride=(1, 1), padding=(1, 1))
        (lrelu): LeakyReLU(negative_slope=0.2, inplace=True)
      )
      (rdb3): ResidualDenseBlock(
        (conv1): Conv2d(64, 32, kernel_size=(3, 3), stride=(1, 1), padding=(1, 1))
        (conv2): Conv2d(96, 32, kernel_size=(3, 3), stride=(1, 1), padding=(1, 1))
        (conv3): Conv2d(128, 32, kernel_size=(3, 3), stride=(1, 1), padding=(1, 1))
        (conv4): Conv2d(160, 32, kernel_size=(3, 3), stride=(1, 1), padding=(1, 1))
        (conv5): Conv2d(192, 64, kernel_size=(3, 3), stride=(1, 1), padding=(1, 1))
        (lrelu): LeakyReLU(negative_slope=0.2, inplace=True)
      )
    )
    (5): RRDB(
      (rdb1): ResidualDenseBlock(
        (conv1): Conv2d(64, 32, kernel_size=(3, 3), stride=(1, 1), padding=(1, 1))
        (conv2): Conv2d(96, 32, kernel_size=(3, 3), stride=(1, 1), padding=(1, 1))
        (conv3): Conv2d(128, 32, kernel_size=(3, 3), stride=(1, 1), padding=(1, 1))
        (conv4): Conv2d(160, 32, kernel_size=(3, 3), stride=(1, 1), padding=(1, 1))
        (conv5): Conv2d(192, 64, kernel_size=(3, 3), stride=(1, 1), padding=(1, 1))
        (lrelu): LeakyReLU(negative_slope=0.2, inplace=True)
      )
      (rdb2): ResidualDenseBlock(
        (conv1): Conv2d(64, 32, kernel_size=(3, 3), stride=(1, 1), padding=(1, 1))
        (conv2): Conv2d(96, 32, kernel_size=(3, 3), stride=(1, 1), padding=(1, 1))
        (conv3): Conv2d(128, 32, kernel_size=(3, 3), stride=(1, 1), padding=(1, 1))
        (conv4): Conv2d(160, 32, kernel_size=(3, 3), stride=(1, 1), padding=(1, 1))
        (conv5): Conv2d(192, 64, kernel_size=(3, 3), stride=(1, 1), padding=(1, 1))
        (lrelu): LeakyReLU(negative_slope=0.2, inplace=True)
      )
      (rdb3): ResidualDenseBlock(
        (conv1): Conv2d(64, 32, kernel_size=(3, 3), stride=(1, 1), padding=(1, 1))
        (conv2): Conv2d(96, 32, kernel_size=(3, 3), stride=(1, 1), padding=(1, 1))
        (conv3): Conv2d(128, 32, kernel_size=(3, 3), stride=(1, 1), padding=(1, 1))
        (conv4): Conv2d(160, 32, kernel_size=(3, 3), stride=(1, 1), padding=(1, 1))
        (conv5): Conv2d(192, 64, kernel_size=(3, 3), stride=(1, 1), padding=(1, 1))
        (lrelu): LeakyReLU(negative_slope=0.2, inplace=True)
      )
    )
    (6): RRDB(
      (rdb1): ResidualDenseBlock(
        (conv1): Conv2d(64, 32, kernel_size=(3, 3), stride=(1, 1), padding=(1, 1))
        (conv2): Conv2d(96, 32, kernel_size=(3, 3), stride=(1, 1), padding=(1, 1))
        (conv3): Conv2d(128, 32, kernel_size=(3, 3), stride=(1, 1), padding=(1, 1))
        (conv4): Conv2d(160, 32, kernel_size=(3, 3), stride=(1, 1), padding=(1, 1))
        (conv5): Conv2d(192, 64, kernel_size=(3, 3), stride=(1, 1), padding=(1, 1))
        (lrelu): LeakyReLU(negative_slope=0.2, inplace=True)
      )
      (rdb2): ResidualDenseBlock(
        (conv1): Conv2d(64, 32, kernel_size=(3, 3), stride=(1, 1), padding=(1, 1))
        (conv2): Conv2d(96, 32, kernel_size=(3, 3), stride=(1, 1), padding=(1, 1))
        (conv3): Conv2d(128, 32, kernel_size=(3, 3), stride=(1, 1), padding=(1, 1))
        (conv4): Conv2d(160, 32, kernel_size=(3, 3), stride=(1, 1), padding=(1, 1))
        (conv5): Conv2d(192, 64, kernel_size=(3, 3), stride=(1, 1), padding=(1, 1))
        (lrelu): LeakyReLU(negative_slope=0.2, inplace=True)
      )
      (rdb3): ResidualDenseBlock(
        (conv1): Conv2d(64, 32, kernel_size=(3, 3), stride=(1, 1), padding=(1, 1))
        (conv2): Conv2d(96, 32, kernel_size=(3, 3), stride=(1, 1), padding=(1, 1))
        (conv3): Conv2d(128, 32, kernel_size=(3, 3), stride=(1, 1), padding=(1, 1))
        (conv4): Conv2d(160, 32, kernel_size=(3, 3), stride=(1, 1), padding=(1, 1))
        (conv5): Conv2d(192, 64, kernel_size=(3, 3), stride=(1, 1), padding=(1, 1))
        (lrelu): LeakyReLU(negative_slope=0.2, inplace=True)
      )
    )
    (7): RRDB(
      (rdb1): ResidualDenseBlock(
        (conv1): Conv2d(64, 32, kernel_size=(3, 3), stride=(1, 1), padding=(1, 1))
        (conv2): Conv2d(96, 32, kernel_size=(3, 3), stride=(1, 1), padding=(1, 1))
        (conv3): Conv2d(128, 32, kernel_size=(3, 3), stride=(1, 1), padding=(1, 1))
        (conv4): Conv2d(160, 32, kernel_size=(3, 3), stride=(1, 1), padding=(1, 1))
        (conv5): Conv2d(192, 64, kernel_size=(3, 3), stride=(1, 1), padding=(1, 1))
        (lrelu): LeakyReLU(negative_slope=0.2, inplace=True)
      )
      (rdb2): ResidualDenseBlock(
        (conv1): Conv2d(64, 32, kernel_size=(3, 3), stride=(1, 1), padding=(1, 1))
        (conv2): Conv2d(96, 32, kernel_size=(3, 3), stride=(1, 1), padding=(1, 1))
        (conv3): Conv2d(128, 32, kernel_size=(3, 3), stride=(1, 1), padding=(1, 1))
        (conv4): Conv2d(160, 32, kernel_size=(3, 3), stride=(1, 1), padding=(1, 1))
        (conv5): Conv2d(192, 64, kernel_size=(3, 3), stride=(1, 1), padding=(1, 1))
        (lrelu): LeakyReLU(negative_slope=0.2, inplace=True)
      )
      (rdb3): ResidualDenseBlock(
        (conv1): Conv2d(64, 32, kernel_size=(3, 3), stride=(1, 1), padding=(1, 1))
        (conv2): Conv2d(96, 32, kernel_size=(3, 3), stride=(1, 1), padding=(1, 1))
        (conv3): Conv2d(128, 32, kernel_size=(3, 3), stride=(1, 1), padding=(1, 1))
        (conv4): Conv2d(160, 32, kernel_size=(3, 3), stride=(1, 1), padding=(1, 1))
        (conv5): Conv2d(192, 64, kernel_size=(3, 3), stride=(1, 1), padding=(1, 1))
        (lrelu): LeakyReLU(negative_slope=0.2, inplace=True)
      )
    )
    (8): RRDB(
      (rdb1): ResidualDenseBlock(
        (conv1): Conv2d(64, 32, kernel_size=(3, 3), stride=(1, 1), padding=(1, 1))
        (conv2): Conv2d(96, 32, kernel_size=(3, 3), stride=(1, 1), padding=(1, 1))
        (conv3): Conv2d(128, 32, kernel_size=(3, 3), stride=(1, 1), padding=(1, 1))
        (conv4): Conv2d(160, 32, kernel_size=(3, 3), stride=(1, 1), padding=(1, 1))
        (conv5): Conv2d(192, 64, kernel_size=(3, 3), stride=(1, 1), padding=(1, 1))
        (lrelu): LeakyReLU(negative_slope=0.2, inplace=True)
      )
      (rdb2): ResidualDenseBlock(
        (conv1): Conv2d(64, 32, kernel_size=(3, 3), stride=(1, 1), padding=(1, 1))
        (conv2): Conv2d(96, 32, kernel_size=(3, 3), stride=(1, 1), padding=(1, 1))
        (conv3): Conv2d(128, 32, kernel_size=(3, 3), stride=(1, 1), padding=(1, 1))
        (conv4): Conv2d(160, 32, kernel_size=(3, 3), stride=(1, 1), padding=(1, 1))
        (conv5): Conv2d(192, 64, kernel_size=(3, 3), stride=(1, 1), padding=(1, 1))
        (lrelu): LeakyReLU(negative_slope=0.2, inplace=True)
      )
      (rdb3): ResidualDenseBlock(
        (conv1): Conv2d(64, 32, kernel_size=(3, 3), stride=(1, 1), padding=(1, 1))
        (conv2): Conv2d(96, 32, kernel_size=(3, 3), stride=(1, 1), padding=(1, 1))
        (conv3): Conv2d(128, 32, kernel_size=(3, 3), stride=(1, 1), padding=(1, 1))
        (conv4): Conv2d(160, 32, kernel_size=(3, 3), stride=(1, 1), padding=(1, 1))
        (conv5): Conv2d(192, 64, kernel_size=(3, 3), stride=(1, 1), padding=(1, 1))
        (lrelu): LeakyReLU(negative_slope=0.2, inplace=True)
      )
    )
    (9): RRDB(
      (rdb1): ResidualDenseBlock(
        (conv1): Conv2d(64, 32, kernel_size=(3, 3), stride=(1, 1), padding=(1, 1))
        (conv2): Conv2d(96, 32, kernel_size=(3, 3), stride=(1, 1), padding=(1, 1))
        (conv3): Conv2d(128, 32, kernel_size=(3, 3), stride=(1, 1), padding=(1, 1))
        (conv4): Conv2d(160, 32, kernel_size=(3, 3), stride=(1, 1), padding=(1, 1))
        (conv5): Conv2d(192, 64, kernel_size=(3, 3), stride=(1, 1), padding=(1, 1))
        (lrelu): LeakyReLU(negative_slope=0.2, inplace=True)
      )
      (rdb2): ResidualDenseBlock(
        (conv1): Conv2d(64, 32, kernel_size=(3, 3), stride=(1, 1), padding=(1, 1))
        (conv2): Conv2d(96, 32, kernel_size=(3, 3), stride=(1, 1), padding=(1, 1))
        (conv3): Conv2d(128, 32, kernel_size=(3, 3), stride=(1, 1), padding=(1, 1))
        (conv4): Conv2d(160, 32, kernel_size=(3, 3), stride=(1, 1), padding=(1, 1))
        (conv5): Conv2d(192, 64, kernel_size=(3, 3), stride=(1, 1), padding=(1, 1))
        (lrelu): LeakyReLU(negative_slope=0.2, inplace=True)
      )
      (rdb3): ResidualDenseBlock(
        (conv1): Conv2d(64, 32, kernel_size=(3, 3), stride=(1, 1), padding=(1, 1))
        (conv2): Conv2d(96, 32, kernel_size=(3, 3), stride=(1, 1), padding=(1, 1))
        (conv3): Conv2d(128, 32, kernel_size=(3, 3), stride=(1, 1), padding=(1, 1))
        (conv4): Conv2d(160, 32, kernel_size=(3, 3), stride=(1, 1), padding=(1, 1))
        (conv5): Conv2d(192, 64, kernel_size=(3, 3), stride=(1, 1), padding=(1, 1))
        (lrelu): LeakyReLU(negative_slope=0.2, inplace=True)
      )
    )
    (10): RRDB(
      (rdb1): ResidualDenseBlock(
        (conv1): Conv2d(64, 32, kernel_size=(3, 3), stride=(1, 1), padding=(1, 1))
        (conv2): Conv2d(96, 32, kernel_size=(3, 3), stride=(1, 1), padding=(1, 1))
        (conv3): Conv2d(128, 32, kernel_size=(3, 3), stride=(1, 1), padding=(1, 1))
        (conv4): Conv2d(160, 32, kernel_size=(3, 3), stride=(1, 1), padding=(1, 1))
        (conv5): Conv2d(192, 64, kernel_size=(3, 3), stride=(1, 1), padding=(1, 1))
        (lrelu): LeakyReLU(negative_slope=0.2, inplace=True)
      )
      (rdb2): ResidualDenseBlock(
        (conv1): Conv2d(64, 32, kernel_size=(3, 3), stride=(1, 1), padding=(1, 1))
        (conv2): Conv2d(96, 32, kernel_size=(3, 3), stride=(1, 1), padding=(1, 1))
        (conv3): Conv2d(128, 32, kernel_size=(3, 3), stride=(1, 1), padding=(1, 1))
        (conv4): Conv2d(160, 32, kernel_size=(3, 3), stride=(1, 1), padding=(1, 1))
        (conv5): Conv2d(192, 64, kernel_size=(3, 3), stride=(1, 1), padding=(1, 1))
        (lrelu): LeakyReLU(negative_slope=0.2, inplace=True)
      )
      (rdb3): ResidualDenseBlock(
        (conv1): Conv2d(64, 32, kernel_size=(3, 3), stride=(1, 1), padding=(1, 1))
        (conv2): Conv2d(96, 32, kernel_size=(3, 3), stride=(1, 1), padding=(1, 1))
        (conv3): Conv2d(128, 32, kernel_size=(3, 3), stride=(1, 1), padding=(1, 1))
        (conv4): Conv2d(160, 32, kernel_size=(3, 3), stride=(1, 1), padding=(1, 1))
        (conv5): Conv2d(192, 64, kernel_size=(3, 3), stride=(1, 1), padding=(1, 1))
        (lrelu): LeakyReLU(negative_slope=0.2, inplace=True)
      )
    )
    (11): RRDB(
      (rdb1): ResidualDenseBlock(
        (conv1): Conv2d(64, 32, kernel_size=(3, 3), stride=(1, 1), padding=(1, 1))
        (conv2): Conv2d(96, 32, kernel_size=(3, 3), stride=(1, 1), padding=(1, 1))
        (conv3): Conv2d(128, 32, kernel_size=(3, 3), stride=(1, 1), padding=(1, 1))
        (conv4): Conv2d(160, 32, kernel_size=(3, 3), stride=(1, 1), padding=(1, 1))
        (conv5): Conv2d(192, 64, kernel_size=(3, 3), stride=(1, 1), padding=(1, 1))
        (lrelu): LeakyReLU(negative_slope=0.2, inplace=True)
      )
      (rdb2): ResidualDenseBlock(
        (conv1): Conv2d(64, 32, kernel_size=(3, 3), stride=(1, 1), padding=(1, 1))
        (conv2): Conv2d(96, 32, kernel_size=(3, 3), stride=(1, 1), padding=(1, 1))
        (conv3): Conv2d(128, 32, kernel_size=(3, 3), stride=(1, 1), padding=(1, 1))
        (conv4): Conv2d(160, 32, kernel_size=(3, 3), stride=(1, 1), padding=(1, 1))
        (conv5): Conv2d(192, 64, kernel_size=(3, 3), stride=(1, 1), padding=(1, 1))
        (lrelu): LeakyReLU(negative_slope=0.2, inplace=True)
      )
      (rdb3): ResidualDenseBlock(
        (conv1): Conv2d(64, 32, kernel_size=(3, 3), stride=(1, 1), padding=(1, 1))
        (conv2): Conv2d(96, 32, kernel_size=(3, 3), stride=(1, 1), padding=(1, 1))
        (conv3): Conv2d(128, 32, kernel_size=(3, 3), stride=(1, 1), padding=(1, 1))
        (conv4): Conv2d(160, 32, kernel_size=(3, 3), stride=(1, 1), padding=(1, 1))
        (conv5): Conv2d(192, 64, kernel_size=(3, 3), stride=(1, 1), padding=(1, 1))
        (lrelu): LeakyReLU(negative_slope=0.2, inplace=True)
      )
    )
    (12): RRDB(
      (rdb1): ResidualDenseBlock(
        (conv1): Conv2d(64, 32, kernel_size=(3, 3), stride=(1, 1), padding=(1, 1))
        (conv2): Conv2d(96, 32, kernel_size=(3, 3), stride=(1, 1), padding=(1, 1))
        (conv3): Conv2d(128, 32, kernel_size=(3, 3), stride=(1, 1), padding=(1, 1))
        (conv4): Conv2d(160, 32, kernel_size=(3, 3), stride=(1, 1), padding=(1, 1))
        (conv5): Conv2d(192, 64, kernel_size=(3, 3), stride=(1, 1), padding=(1, 1))
        (lrelu): LeakyReLU(negative_slope=0.2, inplace=True)
      )
      (rdb2): ResidualDenseBlock(
        (conv1): Conv2d(64, 32, kernel_size=(3, 3), stride=(1, 1), padding=(1, 1))
        (conv2): Conv2d(96, 32, kernel_size=(3, 3), stride=(1, 1), padding=(1, 1))
        (conv3): Conv2d(128, 32, kernel_size=(3, 3), stride=(1, 1), padding=(1, 1))
        (conv4): Conv2d(160, 32, kernel_size=(3, 3), stride=(1, 1), padding=(1, 1))
        (conv5): Conv2d(192, 64, kernel_size=(3, 3), stride=(1, 1), padding=(1, 1))
        (lrelu): LeakyReLU(negative_slope=0.2, inplace=True)
      )
      (rdb3): ResidualDenseBlock(
        (conv1): Conv2d(64, 32, kernel_size=(3, 3), stride=(1, 1), padding=(1, 1))
        (conv2): Conv2d(96, 32, kernel_size=(3, 3), stride=(1, 1), padding=(1, 1))
        (conv3): Conv2d(128, 32, kernel_size=(3, 3), stride=(1, 1), padding=(1, 1))
        (conv4): Conv2d(160, 32, kernel_size=(3, 3), stride=(1, 1), padding=(1, 1))
        (conv5): Conv2d(192, 64, kernel_size=(3, 3), stride=(1, 1), padding=(1, 1))
        (lrelu): LeakyReLU(negative_slope=0.2, inplace=True)
      )
    )
    (13): RRDB(
      (rdb1): ResidualDenseBlock(
        (conv1): Conv2d(64, 32, kernel_size=(3, 3), stride=(1, 1), padding=(1, 1))
        (conv2): Conv2d(96, 32, kernel_size=(3, 3), stride=(1, 1), padding=(1, 1))
        (conv3): Conv2d(128, 32, kernel_size=(3, 3), stride=(1, 1), padding=(1, 1))
        (conv4): Conv2d(160, 32, kernel_size=(3, 3), stride=(1, 1), padding=(1, 1))
        (conv5): Conv2d(192, 64, kernel_size=(3, 3), stride=(1, 1), padding=(1, 1))
        (lrelu): LeakyReLU(negative_slope=0.2, inplace=True)
      )
      (rdb2): ResidualDenseBlock(
        (conv1): Conv2d(64, 32, kernel_size=(3, 3), stride=(1, 1), padding=(1, 1))
        (conv2): Conv2d(96, 32, kernel_size=(3, 3), stride=(1, 1), padding=(1, 1))
        (conv3): Conv2d(128, 32, kernel_size=(3, 3), stride=(1, 1), padding=(1, 1))
        (conv4): Conv2d(160, 32, kernel_size=(3, 3), stride=(1, 1), padding=(1, 1))
        (conv5): Conv2d(192, 64, kernel_size=(3, 3), stride=(1, 1), padding=(1, 1))
        (lrelu): LeakyReLU(negative_slope=0.2, inplace=True)
      )
      (rdb3): ResidualDenseBlock(
        (conv1): Conv2d(64, 32, kernel_size=(3, 3), stride=(1, 1), padding=(1, 1))
        (conv2): Conv2d(96, 32, kernel_size=(3, 3), stride=(1, 1), padding=(1, 1))
        (conv3): Conv2d(128, 32, kernel_size=(3, 3), stride=(1, 1), padding=(1, 1))
        (conv4): Conv2d(160, 32, kernel_size=(3, 3), stride=(1, 1), padding=(1, 1))
        (conv5): Conv2d(192, 64, kernel_size=(3, 3), stride=(1, 1), padding=(1, 1))
        (lrelu): LeakyReLU(negative_slope=0.2, inplace=True)
      )
    )
    (14): RRDB(
      (rdb1): ResidualDenseBlock(
        (conv1): Conv2d(64, 32, kernel_size=(3, 3), stride=(1, 1), padding=(1, 1))
        (conv2): Conv2d(96, 32, kernel_size=(3, 3), stride=(1, 1), padding=(1, 1))
        (conv3): Conv2d(128, 32, kernel_size=(3, 3), stride=(1, 1), padding=(1, 1))
        (conv4): Conv2d(160, 32, kernel_size=(3, 3), stride=(1, 1), padding=(1, 1))
        (conv5): Conv2d(192, 64, kernel_size=(3, 3), stride=(1, 1), padding=(1, 1))
        (lrelu): LeakyReLU(negative_slope=0.2, inplace=True)
      )
      (rdb2): ResidualDenseBlock(
        (conv1): Conv2d(64, 32, kernel_size=(3, 3), stride=(1, 1), padding=(1, 1))
        (conv2): Conv2d(96, 32, kernel_size=(3, 3), stride=(1, 1), padding=(1, 1))
        (conv3): Conv2d(128, 32, kernel_size=(3, 3), stride=(1, 1), padding=(1, 1))
        (conv4): Conv2d(160, 32, kernel_size=(3, 3), stride=(1, 1), padding=(1, 1))
        (conv5): Conv2d(192, 64, kernel_size=(3, 3), stride=(1, 1), padding=(1, 1))
        (lrelu): LeakyReLU(negative_slope=0.2, inplace=True)
      )
      (rdb3): ResidualDenseBlock(
        (conv1): Conv2d(64, 32, kernel_size=(3, 3), stride=(1, 1), padding=(1, 1))
        (conv2): Conv2d(96, 32, kernel_size=(3, 3), stride=(1, 1), padding=(1, 1))
        (conv3): Conv2d(128, 32, kernel_size=(3, 3), stride=(1, 1), padding=(1, 1))
        (conv4): Conv2d(160, 32, kernel_size=(3, 3), stride=(1, 1), padding=(1, 1))
        (conv5): Conv2d(192, 64, kernel_size=(3, 3), stride=(1, 1), padding=(1, 1))
        (lrelu): LeakyReLU(negative_slope=0.2, inplace=True)
      )
    )
    (15): RRDB(
      (rdb1): ResidualDenseBlock(
        (conv1): Conv2d(64, 32, kernel_size=(3, 3), stride=(1, 1), padding=(1, 1))
        (conv2): Conv2d(96, 32, kernel_size=(3, 3), stride=(1, 1), padding=(1, 1))
        (conv3): Conv2d(128, 32, kernel_size=(3, 3), stride=(1, 1), padding=(1, 1))
        (conv4): Conv2d(160, 32, kernel_size=(3, 3), stride=(1, 1), padding=(1, 1))
        (conv5): Conv2d(192, 64, kernel_size=(3, 3), stride=(1, 1), padding=(1, 1))
        (lrelu): LeakyReLU(negative_slope=0.2, inplace=True)
      )
      (rdb2): ResidualDenseBlock(
        (conv1): Conv2d(64, 32, kernel_size=(3, 3), stride=(1, 1), padding=(1, 1))
        (conv2): Conv2d(96, 32, kernel_size=(3, 3), stride=(1, 1), padding=(1, 1))
        (conv3): Conv2d(128, 32, kernel_size=(3, 3), stride=(1, 1), padding=(1, 1))
        (conv4): Conv2d(160, 32, kernel_size=(3, 3), stride=(1, 1), padding=(1, 1))
        (conv5): Conv2d(192, 64, kernel_size=(3, 3), stride=(1, 1), padding=(1, 1))
        (lrelu): LeakyReLU(negative_slope=0.2, inplace=True)
      )
      (rdb3): ResidualDenseBlock(
        (conv1): Conv2d(64, 32, kernel_size=(3, 3), stride=(1, 1), padding=(1, 1))
        (conv2): Conv2d(96, 32, kernel_size=(3, 3), stride=(1, 1), padding=(1, 1))
        (conv3): Conv2d(128, 32, kernel_size=(3, 3), stride=(1, 1), padding=(1, 1))
        (conv4): Conv2d(160, 32, kernel_size=(3, 3), stride=(1, 1), padding=(1, 1))
        (conv5): Conv2d(192, 64, kernel_size=(3, 3), stride=(1, 1), padding=(1, 1))
        (lrelu): LeakyReLU(negative_slope=0.2, inplace=True)
      )
    )
    (16): RRDB(
      (rdb1): ResidualDenseBlock(
        (conv1): Conv2d(64, 32, kernel_size=(3, 3), stride=(1, 1), padding=(1, 1))
        (conv2): Conv2d(96, 32, kernel_size=(3, 3), stride=(1, 1), padding=(1, 1))
        (conv3): Conv2d(128, 32, kernel_size=(3, 3), stride=(1, 1), padding=(1, 1))
        (conv4): Conv2d(160, 32, kernel_size=(3, 3), stride=(1, 1), padding=(1, 1))
        (conv5): Conv2d(192, 64, kernel_size=(3, 3), stride=(1, 1), padding=(1, 1))
        (lrelu): LeakyReLU(negative_slope=0.2, inplace=True)
      )
      (rdb2): ResidualDenseBlock(
        (conv1): Conv2d(64, 32, kernel_size=(3, 3), stride=(1, 1), padding=(1, 1))
        (conv2): Conv2d(96, 32, kernel_size=(3, 3), stride=(1, 1), padding=(1, 1))
        (conv3): Conv2d(128, 32, kernel_size=(3, 3), stride=(1, 1), padding=(1, 1))
        (conv4): Conv2d(160, 32, kernel_size=(3, 3), stride=(1, 1), padding=(1, 1))
        (conv5): Conv2d(192, 64, kernel_size=(3, 3), stride=(1, 1), padding=(1, 1))
        (lrelu): LeakyReLU(negative_slope=0.2, inplace=True)
      )
      (rdb3): ResidualDenseBlock(
        (conv1): Conv2d(64, 32, kernel_size=(3, 3), stride=(1, 1), padding=(1, 1))
        (conv2): Conv2d(96, 32, kernel_size=(3, 3), stride=(1, 1), padding=(1, 1))
        (conv3): Conv2d(128, 32, kernel_size=(3, 3), stride=(1, 1), padding=(1, 1))
        (conv4): Conv2d(160, 32, kernel_size=(3, 3), stride=(1, 1), padding=(1, 1))
        (conv5): Conv2d(192, 64, kernel_size=(3, 3), stride=(1, 1), padding=(1, 1))
        (lrelu): LeakyReLU(negative_slope=0.2, inplace=True)
      )
    )
    (17): RRDB(
      (rdb1): ResidualDenseBlock(
        (conv1): Conv2d(64, 32, kernel_size=(3, 3), stride=(1, 1), padding=(1, 1))
        (conv2): Conv2d(96, 32, kernel_size=(3, 3), stride=(1, 1), padding=(1, 1))
        (conv3): Conv2d(128, 32, kernel_size=(3, 3), stride=(1, 1), padding=(1, 1))
        (conv4): Conv2d(160, 32, kernel_size=(3, 3), stride=(1, 1), padding=(1, 1))
        (conv5): Conv2d(192, 64, kernel_size=(3, 3), stride=(1, 1), padding=(1, 1))
        (lrelu): LeakyReLU(negative_slope=0.2, inplace=True)
      )
      (rdb2): ResidualDenseBlock(
        (conv1): Conv2d(64, 32, kernel_size=(3, 3), stride=(1, 1), padding=(1, 1))
        (conv2): Conv2d(96, 32, kernel_size=(3, 3), stride=(1, 1), padding=(1, 1))
        (conv3): Conv2d(128, 32, kernel_size=(3, 3), stride=(1, 1), padding=(1, 1))
        (conv4): Conv2d(160, 32, kernel_size=(3, 3), stride=(1, 1), padding=(1, 1))
        (conv5): Conv2d(192, 64, kernel_size=(3, 3), stride=(1, 1), padding=(1, 1))
        (lrelu): LeakyReLU(negative_slope=0.2, inplace=True)
      )
      (rdb3): ResidualDenseBlock(
        (conv1): Conv2d(64, 32, kernel_size=(3, 3), stride=(1, 1), padding=(1, 1))
        (conv2): Conv2d(96, 32, kernel_size=(3, 3), stride=(1, 1), padding=(1, 1))
        (conv3): Conv2d(128, 32, kernel_size=(3, 3), stride=(1, 1), padding=(1, 1))
        (conv4): Conv2d(160, 32, kernel_size=(3, 3), stride=(1, 1), padding=(1, 1))
        (conv5): Conv2d(192, 64, kernel_size=(3, 3), stride=(1, 1), padding=(1, 1))
        (lrelu): LeakyReLU(negative_slope=0.2, inplace=True)
      )
    )
    (18): RRDB(
      (rdb1): ResidualDenseBlock(
        (conv1): Conv2d(64, 32, kernel_size=(3, 3), stride=(1, 1), padding=(1, 1))
        (conv2): Conv2d(96, 32, kernel_size=(3, 3), stride=(1, 1), padding=(1, 1))
        (conv3): Conv2d(128, 32, kernel_size=(3, 3), stride=(1, 1), padding=(1, 1))
        (conv4): Conv2d(160, 32, kernel_size=(3, 3), stride=(1, 1), padding=(1, 1))
        (conv5): Conv2d(192, 64, kernel_size=(3, 3), stride=(1, 1), padding=(1, 1))
        (lrelu): LeakyReLU(negative_slope=0.2, inplace=True)
      )
      (rdb2): ResidualDenseBlock(
        (conv1): Conv2d(64, 32, kernel_size=(3, 3), stride=(1, 1), padding=(1, 1))
        (conv2): Conv2d(96, 32, kernel_size=(3, 3), stride=(1, 1), padding=(1, 1))
        (conv3): Conv2d(128, 32, kernel_size=(3, 3), stride=(1, 1), padding=(1, 1))
        (conv4): Conv2d(160, 32, kernel_size=(3, 3), stride=(1, 1), padding=(1, 1))
        (conv5): Conv2d(192, 64, kernel_size=(3, 3), stride=(1, 1), padding=(1, 1))
        (lrelu): LeakyReLU(negative_slope=0.2, inplace=True)
      )
      (rdb3): ResidualDenseBlock(
        (conv1): Conv2d(64, 32, kernel_size=(3, 3), stride=(1, 1), padding=(1, 1))
        (conv2): Conv2d(96, 32, kernel_size=(3, 3), stride=(1, 1), padding=(1, 1))
        (conv3): Conv2d(128, 32, kernel_size=(3, 3), stride=(1, 1), padding=(1, 1))
        (conv4): Conv2d(160, 32, kernel_size=(3, 3), stride=(1, 1), padding=(1, 1))
        (conv5): Conv2d(192, 64, kernel_size=(3, 3), stride=(1, 1), padding=(1, 1))
        (lrelu): LeakyReLU(negative_slope=0.2, inplace=True)
      )
    )
    (19): RRDB(
      (rdb1): ResidualDenseBlock(
        (conv1): Conv2d(64, 32, kernel_size=(3, 3), stride=(1, 1), padding=(1, 1))
        (conv2): Conv2d(96, 32, kernel_size=(3, 3), stride=(1, 1), padding=(1, 1))
        (conv3): Conv2d(128, 32, kernel_size=(3, 3), stride=(1, 1), padding=(1, 1))
        (conv4): Conv2d(160, 32, kernel_size=(3, 3), stride=(1, 1), padding=(1, 1))
        (conv5): Conv2d(192, 64, kernel_size=(3, 3), stride=(1, 1), padding=(1, 1))
        (lrelu): LeakyReLU(negative_slope=0.2, inplace=True)
      )
      (rdb2): ResidualDenseBlock(
        (conv1): Conv2d(64, 32, kernel_size=(3, 3), stride=(1, 1), padding=(1, 1))
        (conv2): Conv2d(96, 32, kernel_size=(3, 3), stride=(1, 1), padding=(1, 1))
        (conv3): Conv2d(128, 32, kernel_size=(3, 3), stride=(1, 1), padding=(1, 1))
        (conv4): Conv2d(160, 32, kernel_size=(3, 3), stride=(1, 1), padding=(1, 1))
        (conv5): Conv2d(192, 64, kernel_size=(3, 3), stride=(1, 1), padding=(1, 1))
        (lrelu): LeakyReLU(negative_slope=0.2, inplace=True)
      )
      (rdb3): ResidualDenseBlock(
        (conv1): Conv2d(64, 32, kernel_size=(3, 3), stride=(1, 1), padding=(1, 1))
        (conv2): Conv2d(96, 32, kernel_size=(3, 3), stride=(1, 1), padding=(1, 1))
        (conv3): Conv2d(128, 32, kernel_size=(3, 3), stride=(1, 1), padding=(1, 1))
        (conv4): Conv2d(160, 32, kernel_size=(3, 3), stride=(1, 1), padding=(1, 1))
        (conv5): Conv2d(192, 64, kernel_size=(3, 3), stride=(1, 1), padding=(1, 1))
        (lrelu): LeakyReLU(negative_slope=0.2, inplace=True)
      )
    )
    (20): RRDB(
      (rdb1): ResidualDenseBlock(
        (conv1): Conv2d(64, 32, kernel_size=(3, 3), stride=(1, 1), padding=(1, 1))
        (conv2): Conv2d(96, 32, kernel_size=(3, 3), stride=(1, 1), padding=(1, 1))
        (conv3): Conv2d(128, 32, kernel_size=(3, 3), stride=(1, 1), padding=(1, 1))
        (conv4): Conv2d(160, 32, kernel_size=(3, 3), stride=(1, 1), padding=(1, 1))
        (conv5): Conv2d(192, 64, kernel_size=(3, 3), stride=(1, 1), padding=(1, 1))
        (lrelu): LeakyReLU(negative_slope=0.2, inplace=True)
      )
      (rdb2): ResidualDenseBlock(
        (conv1): Conv2d(64, 32, kernel_size=(3, 3), stride=(1, 1), padding=(1, 1))
        (conv2): Conv2d(96, 32, kernel_size=(3, 3), stride=(1, 1), padding=(1, 1))
        (conv3): Conv2d(128, 32, kernel_size=(3, 3), stride=(1, 1), padding=(1, 1))
        (conv4): Conv2d(160, 32, kernel_size=(3, 3), stride=(1, 1), padding=(1, 1))
        (conv5): Conv2d(192, 64, kernel_size=(3, 3), stride=(1, 1), padding=(1, 1))
        (lrelu): LeakyReLU(negative_slope=0.2, inplace=True)
      )
      (rdb3): ResidualDenseBlock(
        (conv1): Conv2d(64, 32, kernel_size=(3, 3), stride=(1, 1), padding=(1, 1))
        (conv2): Conv2d(96, 32, kernel_size=(3, 3), stride=(1, 1), padding=(1, 1))
        (conv3): Conv2d(128, 32, kernel_size=(3, 3), stride=(1, 1), padding=(1, 1))
        (conv4): Conv2d(160, 32, kernel_size=(3, 3), stride=(1, 1), padding=(1, 1))
        (conv5): Conv2d(192, 64, kernel_size=(3, 3), stride=(1, 1), padding=(1, 1))
        (lrelu): LeakyReLU(negative_slope=0.2, inplace=True)
      )
    )
    (21): RRDB(
      (rdb1): ResidualDenseBlock(
        (conv1): Conv2d(64, 32, kernel_size=(3, 3), stride=(1, 1), padding=(1, 1))
        (conv2): Conv2d(96, 32, kernel_size=(3, 3), stride=(1, 1), padding=(1, 1))
        (conv3): Conv2d(128, 32, kernel_size=(3, 3), stride=(1, 1), padding=(1, 1))
        (conv4): Conv2d(160, 32, kernel_size=(3, 3), stride=(1, 1), padding=(1, 1))
        (conv5): Conv2d(192, 64, kernel_size=(3, 3), stride=(1, 1), padding=(1, 1))
        (lrelu): LeakyReLU(negative_slope=0.2, inplace=True)
      )
      (rdb2): ResidualDenseBlock(
        (conv1): Conv2d(64, 32, kernel_size=(3, 3), stride=(1, 1), padding=(1, 1))
        (conv2): Conv2d(96, 32, kernel_size=(3, 3), stride=(1, 1), padding=(1, 1))
        (conv3): Conv2d(128, 32, kernel_size=(3, 3), stride=(1, 1), padding=(1, 1))
        (conv4): Conv2d(160, 32, kernel_size=(3, 3), stride=(1, 1), padding=(1, 1))
        (conv5): Conv2d(192, 64, kernel_size=(3, 3), stride=(1, 1), padding=(1, 1))
        (lrelu): LeakyReLU(negative_slope=0.2, inplace=True)
      )
      (rdb3): ResidualDenseBlock(
        (conv1): Conv2d(64, 32, kernel_size=(3, 3), stride=(1, 1), padding=(1, 1))
        (conv2): Conv2d(96, 32, kernel_size=(3, 3), stride=(1, 1), padding=(1, 1))
        (conv3): Conv2d(128, 32, kernel_size=(3, 3), stride=(1, 1), padding=(1, 1))
        (conv4): Conv2d(160, 32, kernel_size=(3, 3), stride=(1, 1), padding=(1, 1))
        (conv5): Conv2d(192, 64, kernel_size=(3, 3), stride=(1, 1), padding=(1, 1))
        (lrelu): LeakyReLU(negative_slope=0.2, inplace=True)
      )
    )
    (22): RRDB(
      (rdb1): ResidualDenseBlock(
        (conv1): Conv2d(64, 32, kernel_size=(3, 3), stride=(1, 1), padding=(1, 1))
        (conv2): Conv2d(96, 32, kernel_size=(3, 3), stride=(1, 1), padding=(1, 1))
        (conv3): Conv2d(128, 32, kernel_size=(3, 3), stride=(1, 1), padding=(1, 1))
        (conv4): Conv2d(160, 32, kernel_size=(3, 3), stride=(1, 1), padding=(1, 1))
        (conv5): Conv2d(192, 64, kernel_size=(3, 3), stride=(1, 1), padding=(1, 1))
        (lrelu): LeakyReLU(negative_slope=0.2, inplace=True)
      )
      (rdb2): ResidualDenseBlock(
        (conv1): Conv2d(64, 32, kernel_size=(3, 3), stride=(1, 1), padding=(1, 1))
        (conv2): Conv2d(96, 32, kernel_size=(3, 3), stride=(1, 1), padding=(1, 1))
        (conv3): Conv2d(128, 32, kernel_size=(3, 3), stride=(1, 1), padding=(1, 1))
        (conv4): Conv2d(160, 32, kernel_size=(3, 3), stride=(1, 1), padding=(1, 1))
        (conv5): Conv2d(192, 64, kernel_size=(3, 3), stride=(1, 1), padding=(1, 1))
        (lrelu): LeakyReLU(negative_slope=0.2, inplace=True)
      )
      (rdb3): ResidualDenseBlock(
        (conv1): Conv2d(64, 32, kernel_size=(3, 3), stride=(1, 1), padding=(1, 1))
        (conv2): Conv2d(96, 32, kernel_size=(3, 3), stride=(1, 1), padding=(1, 1))
        (conv3): Conv2d(128, 32, kernel_size=(3, 3), stride=(1, 1), padding=(1, 1))
        (conv4): Conv2d(160, 32, kernel_size=(3, 3), stride=(1, 1), padding=(1, 1))
        (conv5): Conv2d(192, 64, kernel_size=(3, 3), stride=(1, 1), padding=(1, 1))
        (lrelu): LeakyReLU(negative_slope=0.2, inplace=True)
      )
    )
  )
  (conv_body): Conv2d(64, 64, kernel_size=(3, 3), stride=(1, 1), padding=(1, 1))
  (conv_up1): Conv2d(64, 64, kernel_size=(3, 3), stride=(1, 1), padding=(1, 1))
  (conv_up2): Conv2d(64, 64, kernel_size=(3, 3), stride=(1, 1), padding=(1, 1))
  (conv_hr): Conv2d(64, 64, kernel_size=(3, 3), stride=(1, 1), padding=(1, 1))
  (conv_last): Conv2d(64, 3, kernel_size=(3, 3), stride=(1, 1), padding=(1, 1))
  (lrelu): LeakyReLU(negative_slope=0.2, inplace=True)
)
2025-06-12 16:56:36,978 INFO: Loading RRDBNet model from G:\AI\Anime-ESR\experiments\train_anime_RealESRNetx4plus_1000k_B12G4\models\net_g_930000.pth, with param key: [params].
2025-06-12 16:56:37,066 INFO: Use Exponential Moving Average with decay: 0.999
2025-06-12 16:56:37,207 INFO: Network [RRDBNet] is created.
2025-06-12 16:56:37,354 INFO: Loading RRDBNet model from G:\AI\Anime-ESR\experiments\train_anime_RealESRNetx4plus_1000k_B12G4\models\net_g_930000.pth, with param key: [params_ema].
2025-06-12 16:56:37,440 INFO: Loss [L1Loss] is created.
2025-06-12 16:56:37,455 INFO: Model [RealESRNetModel] is created.
2025-06-12 16:56:37,463 INFO: Resuming training from epoch: 36, iter: 930000.
2025-06-12 16:57:00,305 INFO: Start training from epoch: 36, iter: 930000
2025-06-12 16:58:37,048 INFO: [train..][epoch: 36, iter: 930,100, lr:(2.000e-04,)] [eta: 22:59:21, time (data): 0.967 (0.241)] l_pix: 6.1957e-02 
2025-06-12 16:59:43,892 INFO: [train..][epoch: 36, iter: 930,200, lr:(2.000e-04,)] [eta: 17:58:59, time (data): 0.818 (0.123)] l_pix: 6.1687e-02 
2025-06-12 16:59:43,892 INFO: Saving models and training states.
2025-06-12 17:00:51,405 INFO: [train..][epoch: 36, iter: 930,300, lr:(2.000e-04,)] [eta: 16:20:02, time (data): 0.672 (0.005)] l_pix: 4.7190e-02 
