2025-05-21 14:07:31,646 INFO: 
                ____                _       _____  ____
               / __ ) ____ _ _____ (_)_____/ ___/ / __ \
              / __  |/ __ `// ___// // ___/\__ \ / /_/ /
             / /_/ // /_/ /(__  )/ // /__ ___/ // _, _/
            /_____/ \__,_//____//_/ \___//____//_/ |_|
     ______                   __   __                 __      __
    / ____/____   ____   ____/ /  / /   __  __ _____ / /__   / /
   / / __ / __ \ / __ \ / __  /  / /   / / / // ___// //_/  / /
  / /_/ // /_/ // /_/ // /_/ /  / /___/ /_/ // /__ / /<    /_/
  \____/ \____/ \____/ \____/  /_____/\____/ \___//_/|_|  (_)
    
Version Information: 
	BasicSR: 1.4.2
	PyTorch: 2.7.0+cu128
	TorchVision: 0.22.0+cu128
2025-05-21 14:07:31,646 INFO: 
  name: train_anime_RealESRNetx4plus_1000k_B12G4
  model_type: RealESRNetModel
  scale: 4
  num_gpu: 1
  manual_seed: 0
  gt_usm: True
  resize_prob: [0.2, 0.7, 0.1]
  resize_range: [0.15, 1.5]
  gaussian_noise_prob: 0.5
  noise_range: [1, 30]
  poisson_scale_range: [0.05, 3]
  gray_noise_prob: 0.4
  jpeg_range: [30, 95]
  second_blur_prob: 0.8
  resize_prob2: [0.3, 0.4, 0.3]
  resize_range2: [0.3, 1.2]
  gaussian_noise_prob2: 0.5
  noise_range2: [1, 25]
  poisson_scale_range2: [0.05, 2.5]
  gray_noise_prob2: 0.4
  jpeg_range2: [30, 95]
  gt_size: 256
  queue_size: 320
  datasets:[
    train:[
      name: Anime
      type: RealESRGANDataset
      dataroot_gt: datasets/anime
      meta_info: datasets/anime/meta_info_train.txt
      io_backend:[
        type: disk
      ]
      blur_kernel_size: 21
      kernel_list: ['iso', 'aniso', 'generalized_iso', 'generalized_aniso', 'plateau_iso', 'plateau_aniso']
      kernel_prob: [0.45, 0.25, 0.12, 0.03, 0.12, 0.03]
      sinc_prob: 0.1
      blur_sigma: [0.2, 3]
      betag_range: [0.5, 4]
      betap_range: [1, 2]
      blur_kernel_size2: 21
      kernel_list2: ['iso', 'aniso', 'generalized_iso', 'generalized_aniso', 'plateau_iso', 'plateau_aniso']
      kernel_prob2: [0.45, 0.25, 0.12, 0.03, 0.12, 0.03]
      sinc_prob2: 0.1
      blur_sigma2: [0.2, 1.5]
      betag_range2: [0.5, 4]
      betap_range2: [1, 2]
      final_sinc_prob: 0.8
      gt_size: 256
      use_hflip: True
      use_rot: False
      use_shuffle: True
      num_worker_per_gpu: 5
      batch_size_per_gpu: 16
      dataset_enlarge_ratio: 1
      prefetch_mode: None
      phase: train
      scale: 4
    ]
    val:[
      name: validation
      type: PairedImageDataset
      dataroot_gt: datasets/anime/galData_val
      dataroot_lq: datasets/anime/galData_val_lr_x4_bicubic
      io_backend:[
        type: disk
      ]
      phase: val
      scale: 4
    ]
  ]
  network_g:[
    type: RRDBNet
    num_in_ch: 3
    num_out_ch: 3
    num_feat: 64
    num_block: 23
    num_grow_ch: 32
  ]
  path:[
    pretrain_network_g: G:\AI\Anime-ESR\experiments\train_anime_RealESRNetx4plus_1000k_B12G4\models\net_g_50000.pth
    param_key_g: params
    strict_load_g: True
    resume_state: experiments\train_anime_RealESRNetx4plus_1000k_B12G4\training_states\50000.state
    experiments_root: G:\AI\Anime-ESR\experiments\train_anime_RealESRNetx4plus_1000k_B12G4
    models: G:\AI\Anime-ESR\experiments\train_anime_RealESRNetx4plus_1000k_B12G4\models
    training_states: G:\AI\Anime-ESR\experiments\train_anime_RealESRNetx4plus_1000k_B12G4\training_states
    log: G:\AI\Anime-ESR\experiments\train_anime_RealESRNetx4plus_1000k_B12G4
    visualization: G:\AI\Anime-ESR\experiments\train_anime_RealESRNetx4plus_1000k_B12G4\visualization
  ]
  train:[
    ema_decay: 0.999
    optim_g:[
      type: Adam
      lr: 0.0002
      weight_decay: 0
      betas: [0.9, 0.99]
    ]
    scheduler:[
      type: MultiStepLR
      milestones: [1000000]
      gamma: 0.5
    ]
    total_iter: 1000000
    warmup_iter: -1
    pixel_opt:[
      type: L1Loss
      loss_weight: 1.0
      reduction: mean
    ]
  ]
  val:[
    val_freq: 5000.0
    save_img: True
    metrics:[
      psnr:[
        type: calculate_psnr
        crop_border: 4
        test_y_channel: False
      ]
    ]
  ]
  logger:[
    print_freq: 100
    save_checkpoint_freq: 5000.0
    use_tb_logger: True
    wandb:[
      project: None
      resume_id: None
    ]
  ]
  dist_params:[
    backend: nccl
    port: 29500
  ]
  dist: False
  rank: 0
  world_size: 1
  auto_resume: True
  is_train: True
  root_path: G:\AI\Anime-ESR

2025-05-21 14:07:32,317 INFO: Dataset [RealESRGANDataset] - Anime is built.
2025-05-21 14:07:32,317 INFO: Training statistics:
	Number of train images: 299263
	Dataset enlarge ratio: 1
	Batch size per gpu: 16
	World size (gpu number): 1
	Require iter number per epoch: 18704
	Total epochs: 54; iters: 1000000.
2025-05-21 14:07:32,337 INFO: Dataset [PairedImageDataset] - validation is built.
2025-05-21 14:07:32,339 INFO: Number of val images/folders in validation: 488
2025-05-21 14:07:32,492 INFO: Network [RRDBNet] is created.
2025-05-21 14:07:32,530 INFO: Network: RRDBNet, with parameters: 16,697,987
2025-05-21 14:07:32,530 INFO: RRDBNet(
  (conv_first): Conv2d(3, 64, kernel_size=(3, 3), stride=(1, 1), padding=(1, 1))
  (body): Sequential(
    (0): RRDB(
      (rdb1): ResidualDenseBlock(
        (conv1): Conv2d(64, 32, kernel_size=(3, 3), stride=(1, 1), padding=(1, 1))
        (conv2): Conv2d(96, 32, kernel_size=(3, 3), stride=(1, 1), padding=(1, 1))
        (conv3): Conv2d(128, 32, kernel_size=(3, 3), stride=(1, 1), padding=(1, 1))
        (conv4): Conv2d(160, 32, kernel_size=(3, 3), stride=(1, 1), padding=(1, 1))
        (conv5): Conv2d(192, 64, kernel_size=(3, 3), stride=(1, 1), padding=(1, 1))
        (lrelu): LeakyReLU(negative_slope=0.2, inplace=True)
      )
      (rdb2): ResidualDenseBlock(
        (conv1): Conv2d(64, 32, kernel_size=(3, 3), stride=(1, 1), padding=(1, 1))
        (conv2): Conv2d(96, 32, kernel_size=(3, 3), stride=(1, 1), padding=(1, 1))
        (conv3): Conv2d(128, 32, kernel_size=(3, 3), stride=(1, 1), padding=(1, 1))
        (conv4): Conv2d(160, 32, kernel_size=(3, 3), stride=(1, 1), padding=(1, 1))
        (conv5): Conv2d(192, 64, kernel_size=(3, 3), stride=(1, 1), padding=(1, 1))
        (lrelu): LeakyReLU(negative_slope=0.2, inplace=True)
      )
      (rdb3): ResidualDenseBlock(
        (conv1): Conv2d(64, 32, kernel_size=(3, 3), stride=(1, 1), padding=(1, 1))
        (conv2): Conv2d(96, 32, kernel_size=(3, 3), stride=(1, 1), padding=(1, 1))
        (conv3): Conv2d(128, 32, kernel_size=(3, 3), stride=(1, 1), padding=(1, 1))
        (conv4): Conv2d(160, 32, kernel_size=(3, 3), stride=(1, 1), padding=(1, 1))
        (conv5): Conv2d(192, 64, kernel_size=(3, 3), stride=(1, 1), padding=(1, 1))
        (lrelu): LeakyReLU(negative_slope=0.2, inplace=True)
      )
    )
    (1): RRDB(
      (rdb1): ResidualDenseBlock(
        (conv1): Conv2d(64, 32, kernel_size=(3, 3), stride=(1, 1), padding=(1, 1))
        (conv2): Conv2d(96, 32, kernel_size=(3, 3), stride=(1, 1), padding=(1, 1))
        (conv3): Conv2d(128, 32, kernel_size=(3, 3), stride=(1, 1), padding=(1, 1))
        (conv4): Conv2d(160, 32, kernel_size=(3, 3), stride=(1, 1), padding=(1, 1))
        (conv5): Conv2d(192, 64, kernel_size=(3, 3), stride=(1, 1), padding=(1, 1))
        (lrelu): LeakyReLU(negative_slope=0.2, inplace=True)
      )
      (rdb2): ResidualDenseBlock(
        (conv1): Conv2d(64, 32, kernel_size=(3, 3), stride=(1, 1), padding=(1, 1))
        (conv2): Conv2d(96, 32, kernel_size=(3, 3), stride=(1, 1), padding=(1, 1))
        (conv3): Conv2d(128, 32, kernel_size=(3, 3), stride=(1, 1), padding=(1, 1))
        (conv4): Conv2d(160, 32, kernel_size=(3, 3), stride=(1, 1), padding=(1, 1))
        (conv5): Conv2d(192, 64, kernel_size=(3, 3), stride=(1, 1), padding=(1, 1))
        (lrelu): LeakyReLU(negative_slope=0.2, inplace=True)
      )
      (rdb3): ResidualDenseBlock(
        (conv1): Conv2d(64, 32, kernel_size=(3, 3), stride=(1, 1), padding=(1, 1))
        (conv2): Conv2d(96, 32, kernel_size=(3, 3), stride=(1, 1), padding=(1, 1))
        (conv3): Conv2d(128, 32, kernel_size=(3, 3), stride=(1, 1), padding=(1, 1))
        (conv4): Conv2d(160, 32, kernel_size=(3, 3), stride=(1, 1), padding=(1, 1))
        (conv5): Conv2d(192, 64, kernel_size=(3, 3), stride=(1, 1), padding=(1, 1))
        (lrelu): LeakyReLU(negative_slope=0.2, inplace=True)
      )
    )
    (2): RRDB(
      (rdb1): ResidualDenseBlock(
        (conv1): Conv2d(64, 32, kernel_size=(3, 3), stride=(1, 1), padding=(1, 1))
        (conv2): Conv2d(96, 32, kernel_size=(3, 3), stride=(1, 1), padding=(1, 1))
        (conv3): Conv2d(128, 32, kernel_size=(3, 3), stride=(1, 1), padding=(1, 1))
        (conv4): Conv2d(160, 32, kernel_size=(3, 3), stride=(1, 1), padding=(1, 1))
        (conv5): Conv2d(192, 64, kernel_size=(3, 3), stride=(1, 1), padding=(1, 1))
        (lrelu): LeakyReLU(negative_slope=0.2, inplace=True)
      )
      (rdb2): ResidualDenseBlock(
        (conv1): Conv2d(64, 32, kernel_size=(3, 3), stride=(1, 1), padding=(1, 1))
        (conv2): Conv2d(96, 32, kernel_size=(3, 3), stride=(1, 1), padding=(1, 1))
        (conv3): Conv2d(128, 32, kernel_size=(3, 3), stride=(1, 1), padding=(1, 1))
        (conv4): Conv2d(160, 32, kernel_size=(3, 3), stride=(1, 1), padding=(1, 1))
        (conv5): Conv2d(192, 64, kernel_size=(3, 3), stride=(1, 1), padding=(1, 1))
        (lrelu): LeakyReLU(negative_slope=0.2, inplace=True)
      )
      (rdb3): ResidualDenseBlock(
        (conv1): Conv2d(64, 32, kernel_size=(3, 3), stride=(1, 1), padding=(1, 1))
        (conv2): Conv2d(96, 32, kernel_size=(3, 3), stride=(1, 1), padding=(1, 1))
        (conv3): Conv2d(128, 32, kernel_size=(3, 3), stride=(1, 1), padding=(1, 1))
        (conv4): Conv2d(160, 32, kernel_size=(3, 3), stride=(1, 1), padding=(1, 1))
        (conv5): Conv2d(192, 64, kernel_size=(3, 3), stride=(1, 1), padding=(1, 1))
        (lrelu): LeakyReLU(negative_slope=0.2, inplace=True)
      )
    )
    (3): RRDB(
      (rdb1): ResidualDenseBlock(
        (conv1): Conv2d(64, 32, kernel_size=(3, 3), stride=(1, 1), padding=(1, 1))
        (conv2): Conv2d(96, 32, kernel_size=(3, 3), stride=(1, 1), padding=(1, 1))
        (conv3): Conv2d(128, 32, kernel_size=(3, 3), stride=(1, 1), padding=(1, 1))
        (conv4): Conv2d(160, 32, kernel_size=(3, 3), stride=(1, 1), padding=(1, 1))
        (conv5): Conv2d(192, 64, kernel_size=(3, 3), stride=(1, 1), padding=(1, 1))
        (lrelu): LeakyReLU(negative_slope=0.2, inplace=True)
      )
      (rdb2): ResidualDenseBlock(
        (conv1): Conv2d(64, 32, kernel_size=(3, 3), stride=(1, 1), padding=(1, 1))
        (conv2): Conv2d(96, 32, kernel_size=(3, 3), stride=(1, 1), padding=(1, 1))
        (conv3): Conv2d(128, 32, kernel_size=(3, 3), stride=(1, 1), padding=(1, 1))
        (conv4): Conv2d(160, 32, kernel_size=(3, 3), stride=(1, 1), padding=(1, 1))
        (conv5): Conv2d(192, 64, kernel_size=(3, 3), stride=(1, 1), padding=(1, 1))
        (lrelu): LeakyReLU(negative_slope=0.2, inplace=True)
      )
      (rdb3): ResidualDenseBlock(
        (conv1): Conv2d(64, 32, kernel_size=(3, 3), stride=(1, 1), padding=(1, 1))
        (conv2): Conv2d(96, 32, kernel_size=(3, 3), stride=(1, 1), padding=(1, 1))
        (conv3): Conv2d(128, 32, kernel_size=(3, 3), stride=(1, 1), padding=(1, 1))
        (conv4): Conv2d(160, 32, kernel_size=(3, 3), stride=(1, 1), padding=(1, 1))
        (conv5): Conv2d(192, 64, kernel_size=(3, 3), stride=(1, 1), padding=(1, 1))
        (lrelu): LeakyReLU(negative_slope=0.2, inplace=True)
      )
    )
    (4): RRDB(
      (rdb1): ResidualDenseBlock(
        (conv1): Conv2d(64, 32, kernel_size=(3, 3), stride=(1, 1), padding=(1, 1))
        (conv2): Conv2d(96, 32, kernel_size=(3, 3), stride=(1, 1), padding=(1, 1))
        (conv3): Conv2d(128, 32, kernel_size=(3, 3), stride=(1, 1), padding=(1, 1))
        (conv4): Conv2d(160, 32, kernel_size=(3, 3), stride=(1, 1), padding=(1, 1))
        (conv5): Conv2d(192, 64, kernel_size=(3, 3), stride=(1, 1), padding=(1, 1))
        (lrelu): LeakyReLU(negative_slope=0.2, inplace=True)
      )
      (rdb2): ResidualDenseBlock(
        (conv1): Conv2d(64, 32, kernel_size=(3, 3), stride=(1, 1), padding=(1, 1))
        (conv2): Conv2d(96, 32, kernel_size=(3, 3), stride=(1, 1), padding=(1, 1))
        (conv3): Conv2d(128, 32, kernel_size=(3, 3), stride=(1, 1), padding=(1, 1))
        (conv4): Conv2d(160, 32, kernel_size=(3, 3), stride=(1, 1), padding=(1, 1))
        (conv5): Conv2d(192, 64, kernel_size=(3, 3), stride=(1, 1), padding=(1, 1))
        (lrelu): LeakyReLU(negative_slope=0.2, inplace=True)
      )
      (rdb3): ResidualDenseBlock(
        (conv1): Conv2d(64, 32, kernel_size=(3, 3), stride=(1, 1), padding=(1, 1))
        (conv2): Conv2d(96, 32, kernel_size=(3, 3), stride=(1, 1), padding=(1, 1))
        (conv3): Conv2d(128, 32, kernel_size=(3, 3), stride=(1, 1), padding=(1, 1))
        (conv4): Conv2d(160, 32, kernel_size=(3, 3), stride=(1, 1), padding=(1, 1))
        (conv5): Conv2d(192, 64, kernel_size=(3, 3), stride=(1, 1), padding=(1, 1))
        (lrelu): LeakyReLU(negative_slope=0.2, inplace=True)
      )
    )
    (5): RRDB(
      (rdb1): ResidualDenseBlock(
        (conv1): Conv2d(64, 32, kernel_size=(3, 3), stride=(1, 1), padding=(1, 1))
        (conv2): Conv2d(96, 32, kernel_size=(3, 3), stride=(1, 1), padding=(1, 1))
        (conv3): Conv2d(128, 32, kernel_size=(3, 3), stride=(1, 1), padding=(1, 1))
        (conv4): Conv2d(160, 32, kernel_size=(3, 3), stride=(1, 1), padding=(1, 1))
        (conv5): Conv2d(192, 64, kernel_size=(3, 3), stride=(1, 1), padding=(1, 1))
        (lrelu): LeakyReLU(negative_slope=0.2, inplace=True)
      )
      (rdb2): ResidualDenseBlock(
        (conv1): Conv2d(64, 32, kernel_size=(3, 3), stride=(1, 1), padding=(1, 1))
        (conv2): Conv2d(96, 32, kernel_size=(3, 3), stride=(1, 1), padding=(1, 1))
        (conv3): Conv2d(128, 32, kernel_size=(3, 3), stride=(1, 1), padding=(1, 1))
        (conv4): Conv2d(160, 32, kernel_size=(3, 3), stride=(1, 1), padding=(1, 1))
        (conv5): Conv2d(192, 64, kernel_size=(3, 3), stride=(1, 1), padding=(1, 1))
        (lrelu): LeakyReLU(negative_slope=0.2, inplace=True)
      )
      (rdb3): ResidualDenseBlock(
        (conv1): Conv2d(64, 32, kernel_size=(3, 3), stride=(1, 1), padding=(1, 1))
        (conv2): Conv2d(96, 32, kernel_size=(3, 3), stride=(1, 1), padding=(1, 1))
        (conv3): Conv2d(128, 32, kernel_size=(3, 3), stride=(1, 1), padding=(1, 1))
        (conv4): Conv2d(160, 32, kernel_size=(3, 3), stride=(1, 1), padding=(1, 1))
        (conv5): Conv2d(192, 64, kernel_size=(3, 3), stride=(1, 1), padding=(1, 1))
        (lrelu): LeakyReLU(negative_slope=0.2, inplace=True)
      )
    )
    (6): RRDB(
      (rdb1): ResidualDenseBlock(
        (conv1): Conv2d(64, 32, kernel_size=(3, 3), stride=(1, 1), padding=(1, 1))
        (conv2): Conv2d(96, 32, kernel_size=(3, 3), stride=(1, 1), padding=(1, 1))
        (conv3): Conv2d(128, 32, kernel_size=(3, 3), stride=(1, 1), padding=(1, 1))
        (conv4): Conv2d(160, 32, kernel_size=(3, 3), stride=(1, 1), padding=(1, 1))
        (conv5): Conv2d(192, 64, kernel_size=(3, 3), stride=(1, 1), padding=(1, 1))
        (lrelu): LeakyReLU(negative_slope=0.2, inplace=True)
      )
      (rdb2): ResidualDenseBlock(
        (conv1): Conv2d(64, 32, kernel_size=(3, 3), stride=(1, 1), padding=(1, 1))
        (conv2): Conv2d(96, 32, kernel_size=(3, 3), stride=(1, 1), padding=(1, 1))
        (conv3): Conv2d(128, 32, kernel_size=(3, 3), stride=(1, 1), padding=(1, 1))
        (conv4): Conv2d(160, 32, kernel_size=(3, 3), stride=(1, 1), padding=(1, 1))
        (conv5): Conv2d(192, 64, kernel_size=(3, 3), stride=(1, 1), padding=(1, 1))
        (lrelu): LeakyReLU(negative_slope=0.2, inplace=True)
      )
      (rdb3): ResidualDenseBlock(
        (conv1): Conv2d(64, 32, kernel_size=(3, 3), stride=(1, 1), padding=(1, 1))
        (conv2): Conv2d(96, 32, kernel_size=(3, 3), stride=(1, 1), padding=(1, 1))
        (conv3): Conv2d(128, 32, kernel_size=(3, 3), stride=(1, 1), padding=(1, 1))
        (conv4): Conv2d(160, 32, kernel_size=(3, 3), stride=(1, 1), padding=(1, 1))
        (conv5): Conv2d(192, 64, kernel_size=(3, 3), stride=(1, 1), padding=(1, 1))
        (lrelu): LeakyReLU(negative_slope=0.2, inplace=True)
      )
    )
    (7): RRDB(
      (rdb1): ResidualDenseBlock(
        (conv1): Conv2d(64, 32, kernel_size=(3, 3), stride=(1, 1), padding=(1, 1))
        (conv2): Conv2d(96, 32, kernel_size=(3, 3), stride=(1, 1), padding=(1, 1))
        (conv3): Conv2d(128, 32, kernel_size=(3, 3), stride=(1, 1), padding=(1, 1))
        (conv4): Conv2d(160, 32, kernel_size=(3, 3), stride=(1, 1), padding=(1, 1))
        (conv5): Conv2d(192, 64, kernel_size=(3, 3), stride=(1, 1), padding=(1, 1))
        (lrelu): LeakyReLU(negative_slope=0.2, inplace=True)
      )
      (rdb2): ResidualDenseBlock(
        (conv1): Conv2d(64, 32, kernel_size=(3, 3), stride=(1, 1), padding=(1, 1))
        (conv2): Conv2d(96, 32, kernel_size=(3, 3), stride=(1, 1), padding=(1, 1))
        (conv3): Conv2d(128, 32, kernel_size=(3, 3), stride=(1, 1), padding=(1, 1))
        (conv4): Conv2d(160, 32, kernel_size=(3, 3), stride=(1, 1), padding=(1, 1))
        (conv5): Conv2d(192, 64, kernel_size=(3, 3), stride=(1, 1), padding=(1, 1))
        (lrelu): LeakyReLU(negative_slope=0.2, inplace=True)
      )
      (rdb3): ResidualDenseBlock(
        (conv1): Conv2d(64, 32, kernel_size=(3, 3), stride=(1, 1), padding=(1, 1))
        (conv2): Conv2d(96, 32, kernel_size=(3, 3), stride=(1, 1), padding=(1, 1))
        (conv3): Conv2d(128, 32, kernel_size=(3, 3), stride=(1, 1), padding=(1, 1))
        (conv4): Conv2d(160, 32, kernel_size=(3, 3), stride=(1, 1), padding=(1, 1))
        (conv5): Conv2d(192, 64, kernel_size=(3, 3), stride=(1, 1), padding=(1, 1))
        (lrelu): LeakyReLU(negative_slope=0.2, inplace=True)
      )
    )
    (8): RRDB(
      (rdb1): ResidualDenseBlock(
        (conv1): Conv2d(64, 32, kernel_size=(3, 3), stride=(1, 1), padding=(1, 1))
        (conv2): Conv2d(96, 32, kernel_size=(3, 3), stride=(1, 1), padding=(1, 1))
        (conv3): Conv2d(128, 32, kernel_size=(3, 3), stride=(1, 1), padding=(1, 1))
        (conv4): Conv2d(160, 32, kernel_size=(3, 3), stride=(1, 1), padding=(1, 1))
        (conv5): Conv2d(192, 64, kernel_size=(3, 3), stride=(1, 1), padding=(1, 1))
        (lrelu): LeakyReLU(negative_slope=0.2, inplace=True)
      )
      (rdb2): ResidualDenseBlock(
        (conv1): Conv2d(64, 32, kernel_size=(3, 3), stride=(1, 1), padding=(1, 1))
        (conv2): Conv2d(96, 32, kernel_size=(3, 3), stride=(1, 1), padding=(1, 1))
        (conv3): Conv2d(128, 32, kernel_size=(3, 3), stride=(1, 1), padding=(1, 1))
        (conv4): Conv2d(160, 32, kernel_size=(3, 3), stride=(1, 1), padding=(1, 1))
        (conv5): Conv2d(192, 64, kernel_size=(3, 3), stride=(1, 1), padding=(1, 1))
        (lrelu): LeakyReLU(negative_slope=0.2, inplace=True)
      )
      (rdb3): ResidualDenseBlock(
        (conv1): Conv2d(64, 32, kernel_size=(3, 3), stride=(1, 1), padding=(1, 1))
        (conv2): Conv2d(96, 32, kernel_size=(3, 3), stride=(1, 1), padding=(1, 1))
        (conv3): Conv2d(128, 32, kernel_size=(3, 3), stride=(1, 1), padding=(1, 1))
        (conv4): Conv2d(160, 32, kernel_size=(3, 3), stride=(1, 1), padding=(1, 1))
        (conv5): Conv2d(192, 64, kernel_size=(3, 3), stride=(1, 1), padding=(1, 1))
        (lrelu): LeakyReLU(negative_slope=0.2, inplace=True)
      )
    )
    (9): RRDB(
      (rdb1): ResidualDenseBlock(
        (conv1): Conv2d(64, 32, kernel_size=(3, 3), stride=(1, 1), padding=(1, 1))
        (conv2): Conv2d(96, 32, kernel_size=(3, 3), stride=(1, 1), padding=(1, 1))
        (conv3): Conv2d(128, 32, kernel_size=(3, 3), stride=(1, 1), padding=(1, 1))
        (conv4): Conv2d(160, 32, kernel_size=(3, 3), stride=(1, 1), padding=(1, 1))
        (conv5): Conv2d(192, 64, kernel_size=(3, 3), stride=(1, 1), padding=(1, 1))
        (lrelu): LeakyReLU(negative_slope=0.2, inplace=True)
      )
      (rdb2): ResidualDenseBlock(
        (conv1): Conv2d(64, 32, kernel_size=(3, 3), stride=(1, 1), padding=(1, 1))
        (conv2): Conv2d(96, 32, kernel_size=(3, 3), stride=(1, 1), padding=(1, 1))
        (conv3): Conv2d(128, 32, kernel_size=(3, 3), stride=(1, 1), padding=(1, 1))
        (conv4): Conv2d(160, 32, kernel_size=(3, 3), stride=(1, 1), padding=(1, 1))
        (conv5): Conv2d(192, 64, kernel_size=(3, 3), stride=(1, 1), padding=(1, 1))
        (lrelu): LeakyReLU(negative_slope=0.2, inplace=True)
      )
      (rdb3): ResidualDenseBlock(
        (conv1): Conv2d(64, 32, kernel_size=(3, 3), stride=(1, 1), padding=(1, 1))
        (conv2): Conv2d(96, 32, kernel_size=(3, 3), stride=(1, 1), padding=(1, 1))
        (conv3): Conv2d(128, 32, kernel_size=(3, 3), stride=(1, 1), padding=(1, 1))
        (conv4): Conv2d(160, 32, kernel_size=(3, 3), stride=(1, 1), padding=(1, 1))
        (conv5): Conv2d(192, 64, kernel_size=(3, 3), stride=(1, 1), padding=(1, 1))
        (lrelu): LeakyReLU(negative_slope=0.2, inplace=True)
      )
    )
    (10): RRDB(
      (rdb1): ResidualDenseBlock(
        (conv1): Conv2d(64, 32, kernel_size=(3, 3), stride=(1, 1), padding=(1, 1))
        (conv2): Conv2d(96, 32, kernel_size=(3, 3), stride=(1, 1), padding=(1, 1))
        (conv3): Conv2d(128, 32, kernel_size=(3, 3), stride=(1, 1), padding=(1, 1))
        (conv4): Conv2d(160, 32, kernel_size=(3, 3), stride=(1, 1), padding=(1, 1))
        (conv5): Conv2d(192, 64, kernel_size=(3, 3), stride=(1, 1), padding=(1, 1))
        (lrelu): LeakyReLU(negative_slope=0.2, inplace=True)
      )
      (rdb2): ResidualDenseBlock(
        (conv1): Conv2d(64, 32, kernel_size=(3, 3), stride=(1, 1), padding=(1, 1))
        (conv2): Conv2d(96, 32, kernel_size=(3, 3), stride=(1, 1), padding=(1, 1))
        (conv3): Conv2d(128, 32, kernel_size=(3, 3), stride=(1, 1), padding=(1, 1))
        (conv4): Conv2d(160, 32, kernel_size=(3, 3), stride=(1, 1), padding=(1, 1))
        (conv5): Conv2d(192, 64, kernel_size=(3, 3), stride=(1, 1), padding=(1, 1))
        (lrelu): LeakyReLU(negative_slope=0.2, inplace=True)
      )
      (rdb3): ResidualDenseBlock(
        (conv1): Conv2d(64, 32, kernel_size=(3, 3), stride=(1, 1), padding=(1, 1))
        (conv2): Conv2d(96, 32, kernel_size=(3, 3), stride=(1, 1), padding=(1, 1))
        (conv3): Conv2d(128, 32, kernel_size=(3, 3), stride=(1, 1), padding=(1, 1))
        (conv4): Conv2d(160, 32, kernel_size=(3, 3), stride=(1, 1), padding=(1, 1))
        (conv5): Conv2d(192, 64, kernel_size=(3, 3), stride=(1, 1), padding=(1, 1))
        (lrelu): LeakyReLU(negative_slope=0.2, inplace=True)
      )
    )
    (11): RRDB(
      (rdb1): ResidualDenseBlock(
        (conv1): Conv2d(64, 32, kernel_size=(3, 3), stride=(1, 1), padding=(1, 1))
        (conv2): Conv2d(96, 32, kernel_size=(3, 3), stride=(1, 1), padding=(1, 1))
        (conv3): Conv2d(128, 32, kernel_size=(3, 3), stride=(1, 1), padding=(1, 1))
        (conv4): Conv2d(160, 32, kernel_size=(3, 3), stride=(1, 1), padding=(1, 1))
        (conv5): Conv2d(192, 64, kernel_size=(3, 3), stride=(1, 1), padding=(1, 1))
        (lrelu): LeakyReLU(negative_slope=0.2, inplace=True)
      )
      (rdb2): ResidualDenseBlock(
        (conv1): Conv2d(64, 32, kernel_size=(3, 3), stride=(1, 1), padding=(1, 1))
        (conv2): Conv2d(96, 32, kernel_size=(3, 3), stride=(1, 1), padding=(1, 1))
        (conv3): Conv2d(128, 32, kernel_size=(3, 3), stride=(1, 1), padding=(1, 1))
        (conv4): Conv2d(160, 32, kernel_size=(3, 3), stride=(1, 1), padding=(1, 1))
        (conv5): Conv2d(192, 64, kernel_size=(3, 3), stride=(1, 1), padding=(1, 1))
        (lrelu): LeakyReLU(negative_slope=0.2, inplace=True)
      )
      (rdb3): ResidualDenseBlock(
        (conv1): Conv2d(64, 32, kernel_size=(3, 3), stride=(1, 1), padding=(1, 1))
        (conv2): Conv2d(96, 32, kernel_size=(3, 3), stride=(1, 1), padding=(1, 1))
        (conv3): Conv2d(128, 32, kernel_size=(3, 3), stride=(1, 1), padding=(1, 1))
        (conv4): Conv2d(160, 32, kernel_size=(3, 3), stride=(1, 1), padding=(1, 1))
        (conv5): Conv2d(192, 64, kernel_size=(3, 3), stride=(1, 1), padding=(1, 1))
        (lrelu): LeakyReLU(negative_slope=0.2, inplace=True)
      )
    )
    (12): RRDB(
      (rdb1): ResidualDenseBlock(
        (conv1): Conv2d(64, 32, kernel_size=(3, 3), stride=(1, 1), padding=(1, 1))
        (conv2): Conv2d(96, 32, kernel_size=(3, 3), stride=(1, 1), padding=(1, 1))
        (conv3): Conv2d(128, 32, kernel_size=(3, 3), stride=(1, 1), padding=(1, 1))
        (conv4): Conv2d(160, 32, kernel_size=(3, 3), stride=(1, 1), padding=(1, 1))
        (conv5): Conv2d(192, 64, kernel_size=(3, 3), stride=(1, 1), padding=(1, 1))
        (lrelu): LeakyReLU(negative_slope=0.2, inplace=True)
      )
      (rdb2): ResidualDenseBlock(
        (conv1): Conv2d(64, 32, kernel_size=(3, 3), stride=(1, 1), padding=(1, 1))
        (conv2): Conv2d(96, 32, kernel_size=(3, 3), stride=(1, 1), padding=(1, 1))
        (conv3): Conv2d(128, 32, kernel_size=(3, 3), stride=(1, 1), padding=(1, 1))
        (conv4): Conv2d(160, 32, kernel_size=(3, 3), stride=(1, 1), padding=(1, 1))
        (conv5): Conv2d(192, 64, kernel_size=(3, 3), stride=(1, 1), padding=(1, 1))
        (lrelu): LeakyReLU(negative_slope=0.2, inplace=True)
      )
      (rdb3): ResidualDenseBlock(
        (conv1): Conv2d(64, 32, kernel_size=(3, 3), stride=(1, 1), padding=(1, 1))
        (conv2): Conv2d(96, 32, kernel_size=(3, 3), stride=(1, 1), padding=(1, 1))
        (conv3): Conv2d(128, 32, kernel_size=(3, 3), stride=(1, 1), padding=(1, 1))
        (conv4): Conv2d(160, 32, kernel_size=(3, 3), stride=(1, 1), padding=(1, 1))
        (conv5): Conv2d(192, 64, kernel_size=(3, 3), stride=(1, 1), padding=(1, 1))
        (lrelu): LeakyReLU(negative_slope=0.2, inplace=True)
      )
    )
    (13): RRDB(
      (rdb1): ResidualDenseBlock(
        (conv1): Conv2d(64, 32, kernel_size=(3, 3), stride=(1, 1), padding=(1, 1))
        (conv2): Conv2d(96, 32, kernel_size=(3, 3), stride=(1, 1), padding=(1, 1))
        (conv3): Conv2d(128, 32, kernel_size=(3, 3), stride=(1, 1), padding=(1, 1))
        (conv4): Conv2d(160, 32, kernel_size=(3, 3), stride=(1, 1), padding=(1, 1))
        (conv5): Conv2d(192, 64, kernel_size=(3, 3), stride=(1, 1), padding=(1, 1))
        (lrelu): LeakyReLU(negative_slope=0.2, inplace=True)
      )
      (rdb2): ResidualDenseBlock(
        (conv1): Conv2d(64, 32, kernel_size=(3, 3), stride=(1, 1), padding=(1, 1))
        (conv2): Conv2d(96, 32, kernel_size=(3, 3), stride=(1, 1), padding=(1, 1))
        (conv3): Conv2d(128, 32, kernel_size=(3, 3), stride=(1, 1), padding=(1, 1))
        (conv4): Conv2d(160, 32, kernel_size=(3, 3), stride=(1, 1), padding=(1, 1))
        (conv5): Conv2d(192, 64, kernel_size=(3, 3), stride=(1, 1), padding=(1, 1))
        (lrelu): LeakyReLU(negative_slope=0.2, inplace=True)
      )
      (rdb3): ResidualDenseBlock(
        (conv1): Conv2d(64, 32, kernel_size=(3, 3), stride=(1, 1), padding=(1, 1))
        (conv2): Conv2d(96, 32, kernel_size=(3, 3), stride=(1, 1), padding=(1, 1))
        (conv3): Conv2d(128, 32, kernel_size=(3, 3), stride=(1, 1), padding=(1, 1))
        (conv4): Conv2d(160, 32, kernel_size=(3, 3), stride=(1, 1), padding=(1, 1))
        (conv5): Conv2d(192, 64, kernel_size=(3, 3), stride=(1, 1), padding=(1, 1))
        (lrelu): LeakyReLU(negative_slope=0.2, inplace=True)
      )
    )
    (14): RRDB(
      (rdb1): ResidualDenseBlock(
        (conv1): Conv2d(64, 32, kernel_size=(3, 3), stride=(1, 1), padding=(1, 1))
        (conv2): Conv2d(96, 32, kernel_size=(3, 3), stride=(1, 1), padding=(1, 1))
        (conv3): Conv2d(128, 32, kernel_size=(3, 3), stride=(1, 1), padding=(1, 1))
        (conv4): Conv2d(160, 32, kernel_size=(3, 3), stride=(1, 1), padding=(1, 1))
        (conv5): Conv2d(192, 64, kernel_size=(3, 3), stride=(1, 1), padding=(1, 1))
        (lrelu): LeakyReLU(negative_slope=0.2, inplace=True)
      )
      (rdb2): ResidualDenseBlock(
        (conv1): Conv2d(64, 32, kernel_size=(3, 3), stride=(1, 1), padding=(1, 1))
        (conv2): Conv2d(96, 32, kernel_size=(3, 3), stride=(1, 1), padding=(1, 1))
        (conv3): Conv2d(128, 32, kernel_size=(3, 3), stride=(1, 1), padding=(1, 1))
        (conv4): Conv2d(160, 32, kernel_size=(3, 3), stride=(1, 1), padding=(1, 1))
        (conv5): Conv2d(192, 64, kernel_size=(3, 3), stride=(1, 1), padding=(1, 1))
        (lrelu): LeakyReLU(negative_slope=0.2, inplace=True)
      )
      (rdb3): ResidualDenseBlock(
        (conv1): Conv2d(64, 32, kernel_size=(3, 3), stride=(1, 1), padding=(1, 1))
        (conv2): Conv2d(96, 32, kernel_size=(3, 3), stride=(1, 1), padding=(1, 1))
        (conv3): Conv2d(128, 32, kernel_size=(3, 3), stride=(1, 1), padding=(1, 1))
        (conv4): Conv2d(160, 32, kernel_size=(3, 3), stride=(1, 1), padding=(1, 1))
        (conv5): Conv2d(192, 64, kernel_size=(3, 3), stride=(1, 1), padding=(1, 1))
        (lrelu): LeakyReLU(negative_slope=0.2, inplace=True)
      )
    )
    (15): RRDB(
      (rdb1): ResidualDenseBlock(
        (conv1): Conv2d(64, 32, kernel_size=(3, 3), stride=(1, 1), padding=(1, 1))
        (conv2): Conv2d(96, 32, kernel_size=(3, 3), stride=(1, 1), padding=(1, 1))
        (conv3): Conv2d(128, 32, kernel_size=(3, 3), stride=(1, 1), padding=(1, 1))
        (conv4): Conv2d(160, 32, kernel_size=(3, 3), stride=(1, 1), padding=(1, 1))
        (conv5): Conv2d(192, 64, kernel_size=(3, 3), stride=(1, 1), padding=(1, 1))
        (lrelu): LeakyReLU(negative_slope=0.2, inplace=True)
      )
      (rdb2): ResidualDenseBlock(
        (conv1): Conv2d(64, 32, kernel_size=(3, 3), stride=(1, 1), padding=(1, 1))
        (conv2): Conv2d(96, 32, kernel_size=(3, 3), stride=(1, 1), padding=(1, 1))
        (conv3): Conv2d(128, 32, kernel_size=(3, 3), stride=(1, 1), padding=(1, 1))
        (conv4): Conv2d(160, 32, kernel_size=(3, 3), stride=(1, 1), padding=(1, 1))
        (conv5): Conv2d(192, 64, kernel_size=(3, 3), stride=(1, 1), padding=(1, 1))
        (lrelu): LeakyReLU(negative_slope=0.2, inplace=True)
      )
      (rdb3): ResidualDenseBlock(
        (conv1): Conv2d(64, 32, kernel_size=(3, 3), stride=(1, 1), padding=(1, 1))
        (conv2): Conv2d(96, 32, kernel_size=(3, 3), stride=(1, 1), padding=(1, 1))
        (conv3): Conv2d(128, 32, kernel_size=(3, 3), stride=(1, 1), padding=(1, 1))
        (conv4): Conv2d(160, 32, kernel_size=(3, 3), stride=(1, 1), padding=(1, 1))
        (conv5): Conv2d(192, 64, kernel_size=(3, 3), stride=(1, 1), padding=(1, 1))
        (lrelu): LeakyReLU(negative_slope=0.2, inplace=True)
      )
    )
    (16): RRDB(
      (rdb1): ResidualDenseBlock(
        (conv1): Conv2d(64, 32, kernel_size=(3, 3), stride=(1, 1), padding=(1, 1))
        (conv2): Conv2d(96, 32, kernel_size=(3, 3), stride=(1, 1), padding=(1, 1))
        (conv3): Conv2d(128, 32, kernel_size=(3, 3), stride=(1, 1), padding=(1, 1))
        (conv4): Conv2d(160, 32, kernel_size=(3, 3), stride=(1, 1), padding=(1, 1))
        (conv5): Conv2d(192, 64, kernel_size=(3, 3), stride=(1, 1), padding=(1, 1))
        (lrelu): LeakyReLU(negative_slope=0.2, inplace=True)
      )
      (rdb2): ResidualDenseBlock(
        (conv1): Conv2d(64, 32, kernel_size=(3, 3), stride=(1, 1), padding=(1, 1))
        (conv2): Conv2d(96, 32, kernel_size=(3, 3), stride=(1, 1), padding=(1, 1))
        (conv3): Conv2d(128, 32, kernel_size=(3, 3), stride=(1, 1), padding=(1, 1))
        (conv4): Conv2d(160, 32, kernel_size=(3, 3), stride=(1, 1), padding=(1, 1))
        (conv5): Conv2d(192, 64, kernel_size=(3, 3), stride=(1, 1), padding=(1, 1))
        (lrelu): LeakyReLU(negative_slope=0.2, inplace=True)
      )
      (rdb3): ResidualDenseBlock(
        (conv1): Conv2d(64, 32, kernel_size=(3, 3), stride=(1, 1), padding=(1, 1))
        (conv2): Conv2d(96, 32, kernel_size=(3, 3), stride=(1, 1), padding=(1, 1))
        (conv3): Conv2d(128, 32, kernel_size=(3, 3), stride=(1, 1), padding=(1, 1))
        (conv4): Conv2d(160, 32, kernel_size=(3, 3), stride=(1, 1), padding=(1, 1))
        (conv5): Conv2d(192, 64, kernel_size=(3, 3), stride=(1, 1), padding=(1, 1))
        (lrelu): LeakyReLU(negative_slope=0.2, inplace=True)
      )
    )
    (17): RRDB(
      (rdb1): ResidualDenseBlock(
        (conv1): Conv2d(64, 32, kernel_size=(3, 3), stride=(1, 1), padding=(1, 1))
        (conv2): Conv2d(96, 32, kernel_size=(3, 3), stride=(1, 1), padding=(1, 1))
        (conv3): Conv2d(128, 32, kernel_size=(3, 3), stride=(1, 1), padding=(1, 1))
        (conv4): Conv2d(160, 32, kernel_size=(3, 3), stride=(1, 1), padding=(1, 1))
        (conv5): Conv2d(192, 64, kernel_size=(3, 3), stride=(1, 1), padding=(1, 1))
        (lrelu): LeakyReLU(negative_slope=0.2, inplace=True)
      )
      (rdb2): ResidualDenseBlock(
        (conv1): Conv2d(64, 32, kernel_size=(3, 3), stride=(1, 1), padding=(1, 1))
        (conv2): Conv2d(96, 32, kernel_size=(3, 3), stride=(1, 1), padding=(1, 1))
        (conv3): Conv2d(128, 32, kernel_size=(3, 3), stride=(1, 1), padding=(1, 1))
        (conv4): Conv2d(160, 32, kernel_size=(3, 3), stride=(1, 1), padding=(1, 1))
        (conv5): Conv2d(192, 64, kernel_size=(3, 3), stride=(1, 1), padding=(1, 1))
        (lrelu): LeakyReLU(negative_slope=0.2, inplace=True)
      )
      (rdb3): ResidualDenseBlock(
        (conv1): Conv2d(64, 32, kernel_size=(3, 3), stride=(1, 1), padding=(1, 1))
        (conv2): Conv2d(96, 32, kernel_size=(3, 3), stride=(1, 1), padding=(1, 1))
        (conv3): Conv2d(128, 32, kernel_size=(3, 3), stride=(1, 1), padding=(1, 1))
        (conv4): Conv2d(160, 32, kernel_size=(3, 3), stride=(1, 1), padding=(1, 1))
        (conv5): Conv2d(192, 64, kernel_size=(3, 3), stride=(1, 1), padding=(1, 1))
        (lrelu): LeakyReLU(negative_slope=0.2, inplace=True)
      )
    )
    (18): RRDB(
      (rdb1): ResidualDenseBlock(
        (conv1): Conv2d(64, 32, kernel_size=(3, 3), stride=(1, 1), padding=(1, 1))
        (conv2): Conv2d(96, 32, kernel_size=(3, 3), stride=(1, 1), padding=(1, 1))
        (conv3): Conv2d(128, 32, kernel_size=(3, 3), stride=(1, 1), padding=(1, 1))
        (conv4): Conv2d(160, 32, kernel_size=(3, 3), stride=(1, 1), padding=(1, 1))
        (conv5): Conv2d(192, 64, kernel_size=(3, 3), stride=(1, 1), padding=(1, 1))
        (lrelu): LeakyReLU(negative_slope=0.2, inplace=True)
      )
      (rdb2): ResidualDenseBlock(
        (conv1): Conv2d(64, 32, kernel_size=(3, 3), stride=(1, 1), padding=(1, 1))
        (conv2): Conv2d(96, 32, kernel_size=(3, 3), stride=(1, 1), padding=(1, 1))
        (conv3): Conv2d(128, 32, kernel_size=(3, 3), stride=(1, 1), padding=(1, 1))
        (conv4): Conv2d(160, 32, kernel_size=(3, 3), stride=(1, 1), padding=(1, 1))
        (conv5): Conv2d(192, 64, kernel_size=(3, 3), stride=(1, 1), padding=(1, 1))
        (lrelu): LeakyReLU(negative_slope=0.2, inplace=True)
      )
      (rdb3): ResidualDenseBlock(
        (conv1): Conv2d(64, 32, kernel_size=(3, 3), stride=(1, 1), padding=(1, 1))
        (conv2): Conv2d(96, 32, kernel_size=(3, 3), stride=(1, 1), padding=(1, 1))
        (conv3): Conv2d(128, 32, kernel_size=(3, 3), stride=(1, 1), padding=(1, 1))
        (conv4): Conv2d(160, 32, kernel_size=(3, 3), stride=(1, 1), padding=(1, 1))
        (conv5): Conv2d(192, 64, kernel_size=(3, 3), stride=(1, 1), padding=(1, 1))
        (lrelu): LeakyReLU(negative_slope=0.2, inplace=True)
      )
    )
    (19): RRDB(
      (rdb1): ResidualDenseBlock(
        (conv1): Conv2d(64, 32, kernel_size=(3, 3), stride=(1, 1), padding=(1, 1))
        (conv2): Conv2d(96, 32, kernel_size=(3, 3), stride=(1, 1), padding=(1, 1))
        (conv3): Conv2d(128, 32, kernel_size=(3, 3), stride=(1, 1), padding=(1, 1))
        (conv4): Conv2d(160, 32, kernel_size=(3, 3), stride=(1, 1), padding=(1, 1))
        (conv5): Conv2d(192, 64, kernel_size=(3, 3), stride=(1, 1), padding=(1, 1))
        (lrelu): LeakyReLU(negative_slope=0.2, inplace=True)
      )
      (rdb2): ResidualDenseBlock(
        (conv1): Conv2d(64, 32, kernel_size=(3, 3), stride=(1, 1), padding=(1, 1))
        (conv2): Conv2d(96, 32, kernel_size=(3, 3), stride=(1, 1), padding=(1, 1))
        (conv3): Conv2d(128, 32, kernel_size=(3, 3), stride=(1, 1), padding=(1, 1))
        (conv4): Conv2d(160, 32, kernel_size=(3, 3), stride=(1, 1), padding=(1, 1))
        (conv5): Conv2d(192, 64, kernel_size=(3, 3), stride=(1, 1), padding=(1, 1))
        (lrelu): LeakyReLU(negative_slope=0.2, inplace=True)
      )
      (rdb3): ResidualDenseBlock(
        (conv1): Conv2d(64, 32, kernel_size=(3, 3), stride=(1, 1), padding=(1, 1))
        (conv2): Conv2d(96, 32, kernel_size=(3, 3), stride=(1, 1), padding=(1, 1))
        (conv3): Conv2d(128, 32, kernel_size=(3, 3), stride=(1, 1), padding=(1, 1))
        (conv4): Conv2d(160, 32, kernel_size=(3, 3), stride=(1, 1), padding=(1, 1))
        (conv5): Conv2d(192, 64, kernel_size=(3, 3), stride=(1, 1), padding=(1, 1))
        (lrelu): LeakyReLU(negative_slope=0.2, inplace=True)
      )
    )
    (20): RRDB(
      (rdb1): ResidualDenseBlock(
        (conv1): Conv2d(64, 32, kernel_size=(3, 3), stride=(1, 1), padding=(1, 1))
        (conv2): Conv2d(96, 32, kernel_size=(3, 3), stride=(1, 1), padding=(1, 1))
        (conv3): Conv2d(128, 32, kernel_size=(3, 3), stride=(1, 1), padding=(1, 1))
        (conv4): Conv2d(160, 32, kernel_size=(3, 3), stride=(1, 1), padding=(1, 1))
        (conv5): Conv2d(192, 64, kernel_size=(3, 3), stride=(1, 1), padding=(1, 1))
        (lrelu): LeakyReLU(negative_slope=0.2, inplace=True)
      )
      (rdb2): ResidualDenseBlock(
        (conv1): Conv2d(64, 32, kernel_size=(3, 3), stride=(1, 1), padding=(1, 1))
        (conv2): Conv2d(96, 32, kernel_size=(3, 3), stride=(1, 1), padding=(1, 1))
        (conv3): Conv2d(128, 32, kernel_size=(3, 3), stride=(1, 1), padding=(1, 1))
        (conv4): Conv2d(160, 32, kernel_size=(3, 3), stride=(1, 1), padding=(1, 1))
        (conv5): Conv2d(192, 64, kernel_size=(3, 3), stride=(1, 1), padding=(1, 1))
        (lrelu): LeakyReLU(negative_slope=0.2, inplace=True)
      )
      (rdb3): ResidualDenseBlock(
        (conv1): Conv2d(64, 32, kernel_size=(3, 3), stride=(1, 1), padding=(1, 1))
        (conv2): Conv2d(96, 32, kernel_size=(3, 3), stride=(1, 1), padding=(1, 1))
        (conv3): Conv2d(128, 32, kernel_size=(3, 3), stride=(1, 1), padding=(1, 1))
        (conv4): Conv2d(160, 32, kernel_size=(3, 3), stride=(1, 1), padding=(1, 1))
        (conv5): Conv2d(192, 64, kernel_size=(3, 3), stride=(1, 1), padding=(1, 1))
        (lrelu): LeakyReLU(negative_slope=0.2, inplace=True)
      )
    )
    (21): RRDB(
      (rdb1): ResidualDenseBlock(
        (conv1): Conv2d(64, 32, kernel_size=(3, 3), stride=(1, 1), padding=(1, 1))
        (conv2): Conv2d(96, 32, kernel_size=(3, 3), stride=(1, 1), padding=(1, 1))
        (conv3): Conv2d(128, 32, kernel_size=(3, 3), stride=(1, 1), padding=(1, 1))
        (conv4): Conv2d(160, 32, kernel_size=(3, 3), stride=(1, 1), padding=(1, 1))
        (conv5): Conv2d(192, 64, kernel_size=(3, 3), stride=(1, 1), padding=(1, 1))
        (lrelu): LeakyReLU(negative_slope=0.2, inplace=True)
      )
      (rdb2): ResidualDenseBlock(
        (conv1): Conv2d(64, 32, kernel_size=(3, 3), stride=(1, 1), padding=(1, 1))
        (conv2): Conv2d(96, 32, kernel_size=(3, 3), stride=(1, 1), padding=(1, 1))
        (conv3): Conv2d(128, 32, kernel_size=(3, 3), stride=(1, 1), padding=(1, 1))
        (conv4): Conv2d(160, 32, kernel_size=(3, 3), stride=(1, 1), padding=(1, 1))
        (conv5): Conv2d(192, 64, kernel_size=(3, 3), stride=(1, 1), padding=(1, 1))
        (lrelu): LeakyReLU(negative_slope=0.2, inplace=True)
      )
      (rdb3): ResidualDenseBlock(
        (conv1): Conv2d(64, 32, kernel_size=(3, 3), stride=(1, 1), padding=(1, 1))
        (conv2): Conv2d(96, 32, kernel_size=(3, 3), stride=(1, 1), padding=(1, 1))
        (conv3): Conv2d(128, 32, kernel_size=(3, 3), stride=(1, 1), padding=(1, 1))
        (conv4): Conv2d(160, 32, kernel_size=(3, 3), stride=(1, 1), padding=(1, 1))
        (conv5): Conv2d(192, 64, kernel_size=(3, 3), stride=(1, 1), padding=(1, 1))
        (lrelu): LeakyReLU(negative_slope=0.2, inplace=True)
      )
    )
    (22): RRDB(
      (rdb1): ResidualDenseBlock(
        (conv1): Conv2d(64, 32, kernel_size=(3, 3), stride=(1, 1), padding=(1, 1))
        (conv2): Conv2d(96, 32, kernel_size=(3, 3), stride=(1, 1), padding=(1, 1))
        (conv3): Conv2d(128, 32, kernel_size=(3, 3), stride=(1, 1), padding=(1, 1))
        (conv4): Conv2d(160, 32, kernel_size=(3, 3), stride=(1, 1), padding=(1, 1))
        (conv5): Conv2d(192, 64, kernel_size=(3, 3), stride=(1, 1), padding=(1, 1))
        (lrelu): LeakyReLU(negative_slope=0.2, inplace=True)
      )
      (rdb2): ResidualDenseBlock(
        (conv1): Conv2d(64, 32, kernel_size=(3, 3), stride=(1, 1), padding=(1, 1))
        (conv2): Conv2d(96, 32, kernel_size=(3, 3), stride=(1, 1), padding=(1, 1))
        (conv3): Conv2d(128, 32, kernel_size=(3, 3), stride=(1, 1), padding=(1, 1))
        (conv4): Conv2d(160, 32, kernel_size=(3, 3), stride=(1, 1), padding=(1, 1))
        (conv5): Conv2d(192, 64, kernel_size=(3, 3), stride=(1, 1), padding=(1, 1))
        (lrelu): LeakyReLU(negative_slope=0.2, inplace=True)
      )
      (rdb3): ResidualDenseBlock(
        (conv1): Conv2d(64, 32, kernel_size=(3, 3), stride=(1, 1), padding=(1, 1))
        (conv2): Conv2d(96, 32, kernel_size=(3, 3), stride=(1, 1), padding=(1, 1))
        (conv3): Conv2d(128, 32, kernel_size=(3, 3), stride=(1, 1), padding=(1, 1))
        (conv4): Conv2d(160, 32, kernel_size=(3, 3), stride=(1, 1), padding=(1, 1))
        (conv5): Conv2d(192, 64, kernel_size=(3, 3), stride=(1, 1), padding=(1, 1))
        (lrelu): LeakyReLU(negative_slope=0.2, inplace=True)
      )
    )
  )
  (conv_body): Conv2d(64, 64, kernel_size=(3, 3), stride=(1, 1), padding=(1, 1))
  (conv_up1): Conv2d(64, 64, kernel_size=(3, 3), stride=(1, 1), padding=(1, 1))
  (conv_up2): Conv2d(64, 64, kernel_size=(3, 3), stride=(1, 1), padding=(1, 1))
  (conv_hr): Conv2d(64, 64, kernel_size=(3, 3), stride=(1, 1), padding=(1, 1))
  (conv_last): Conv2d(64, 3, kernel_size=(3, 3), stride=(1, 1), padding=(1, 1))
  (lrelu): LeakyReLU(negative_slope=0.2, inplace=True)
)
2025-05-21 14:07:32,672 INFO: Loading RRDBNet model from G:\AI\Anime-ESR\experiments\train_anime_RealESRNetx4plus_1000k_B12G4\models\net_g_50000.pth, with param key: [params].
2025-05-21 14:07:32,755 INFO: Use Exponential Moving Average with decay: 0.999
2025-05-21 14:07:32,894 INFO: Network [RRDBNet] is created.
2025-05-21 14:07:33,049 INFO: Loading RRDBNet model from G:\AI\Anime-ESR\experiments\train_anime_RealESRNetx4plus_1000k_B12G4\models\net_g_50000.pth, with param key: [params_ema].
2025-05-21 14:07:33,133 INFO: Loss [L1Loss] is created.
2025-05-21 14:07:33,146 INFO: Model [RealESRNetModel] is created.
2025-05-21 14:07:33,153 INFO: Resuming training from epoch: 2, iter: 50000.
2025-05-21 14:07:48,440 INFO: Start training from epoch: 2, iter: 50000
2025-05-21 14:09:46,520 INFO: [train..][epoch:  2, iter:  50,100, lr:(2.000e-04,)] [eta: 14 days, 12:25:06, time (data): 1.181 (0.161)] l_pix: 5.1011e-02 
2025-05-21 14:11:21,971 INFO: [train..][epoch:  2, iter:  50,200, lr:(2.000e-04,)] [eta: 12 days, 12:20:46, time (data): 1.068 (0.083)] l_pix: 5.1044e-02 
2025-05-21 14:13:01,011 INFO: [train..][epoch:  2, iter:  50,300, lr:(2.000e-04,)] [eta: 11 days, 23:20:40, time (data): 0.991 (0.006)] l_pix: 5.3320e-02 
2025-05-21 14:14:32,579 INFO: [train..][epoch:  2, iter:  50,400, lr:(2.000e-04,)] [eta: 11 days, 11:53:53, time (data): 0.953 (0.005)] l_pix: 5.9298e-02 
2025-05-21 14:16:07,729 INFO: [train..][epoch:  2, iter:  50,500, lr:(2.000e-04,)] [eta: 11 days, 6:53:47, time (data): 0.953 (0.006)] l_pix: 4.9839e-02 
2025-05-21 14:17:36,303 INFO: [train..][epoch:  2, iter:  50,600, lr:(2.000e-04,)] [eta: 11 days, 0:39:54, time (data): 0.919 (0.006)] l_pix: 4.0368e-02 
2025-05-21 14:19:04,676 INFO: [train..][epoch:  2, iter:  50,700, lr:(2.000e-04,)] [eta: 10 days, 20:07:45, time (data): 0.883 (0.006)] l_pix: 6.4411e-02 
2025-05-21 14:20:33,076 INFO: [train..][epoch:  2, iter:  50,800, lr:(2.000e-04,)] [eta: 10 days, 16:43:42, time (data): 0.884 (0.006)] l_pix: 6.0683e-02 
2025-05-21 14:22:01,579 INFO: [train..][epoch:  2, iter:  50,900, lr:(2.000e-04,)] [eta: 10 days, 14:06:25, time (data): 0.885 (0.006)] l_pix: 4.7632e-02 
2025-05-21 14:23:29,929 INFO: [train..][epoch:  2, iter:  51,000, lr:(2.000e-04,)] [eta: 10 days, 11:57:52, time (data): 0.884 (0.006)] l_pix: 5.2759e-02 
2025-05-21 14:24:58,779 INFO: [train..][epoch:  2, iter:  51,100, lr:(2.000e-04,)] [eta: 10 days, 10:19:34, time (data): 0.889 (0.006)] l_pix: 4.2681e-02 
2025-05-21 14:26:27,358 INFO: [train..][epoch:  2, iter:  51,200, lr:(2.000e-04,)] [eta: 10 days, 8:53:50, time (data): 0.887 (0.006)] l_pix: 4.5159e-02 
2025-05-21 14:27:55,891 INFO: [train..][epoch:  2, iter:  51,300, lr:(2.000e-04,)] [eta: 10 days, 7:40:29, time (data): 0.885 (0.006)] l_pix: 4.7960e-02 
2025-05-21 14:29:24,326 INFO: [train..][epoch:  2, iter:  51,400, lr:(2.000e-04,)] [eta: 10 days, 6:36:18, time (data): 0.885 (0.006)] l_pix: 5.1692e-02 
2025-05-21 14:30:52,594 INFO: [train..][epoch:  2, iter:  51,500, lr:(2.000e-04,)] [eta: 10 days, 5:38:42, time (data): 0.882 (0.006)] l_pix: 5.9162e-02 
2025-05-21 14:32:21,214 INFO: [train..][epoch:  2, iter:  51,600, lr:(2.000e-04,)] [eta: 10 days, 4:51:36, time (data): 0.884 (0.006)] l_pix: 3.9854e-02 
2025-05-21 14:33:49,497 INFO: [train..][epoch:  2, iter:  51,700, lr:(2.000e-04,)] [eta: 10 days, 4:06:44, time (data): 0.883 (0.006)] l_pix: 3.8611e-02 
2025-05-21 14:35:17,803 INFO: [train..][epoch:  2, iter:  51,800, lr:(2.000e-04,)] [eta: 10 days, 3:26:52, time (data): 0.883 (0.006)] l_pix: 5.6845e-02 
2025-05-21 14:36:46,200 INFO: [train..][epoch:  2, iter:  51,900, lr:(2.000e-04,)] [eta: 10 days, 2:51:49, time (data): 0.884 (0.006)] l_pix: 5.9563e-02 
2025-05-21 14:38:14,479 INFO: [train..][epoch:  2, iter:  52,000, lr:(2.000e-04,)] [eta: 10 days, 2:19:11, time (data): 0.884 (0.006)] l_pix: 4.8591e-02 
2025-05-21 14:39:42,583 INFO: [train..][epoch:  2, iter:  52,100, lr:(2.000e-04,)] [eta: 10 days, 1:48:12, time (data): 0.881 (0.006)] l_pix: 4.7140e-02 
2025-05-21 14:41:11,132 INFO: [train..][epoch:  2, iter:  52,200, lr:(2.000e-04,)] [eta: 10 days, 1:23:06, time (data): 0.883 (0.006)] l_pix: 3.5774e-02 
2025-05-21 14:42:39,594 INFO: [train..][epoch:  2, iter:  52,300, lr:(2.000e-04,)] [eta: 10 days, 0:59:27, time (data): 0.885 (0.006)] l_pix: 4.4663e-02 
2025-05-21 14:44:08,219 INFO: [train..][epoch:  2, iter:  52,400, lr:(2.000e-04,)] [eta: 10 days, 0:38:42, time (data): 0.886 (0.006)] l_pix: 5.9271e-02 
2025-05-21 14:45:36,509 INFO: [train..][epoch:  2, iter:  52,500, lr:(2.000e-04,)] [eta: 10 days, 0:17:24, time (data): 0.883 (0.006)] l_pix: 6.5562e-02 
2025-05-21 14:47:04,804 INFO: [train..][epoch:  2, iter:  52,600, lr:(2.000e-04,)] [eta: 9 days, 23:57:39, time (data): 0.883 (0.006)] l_pix: 4.2900e-02 
2025-05-21 14:48:32,964 INFO: [train..][epoch:  2, iter:  52,700, lr:(2.000e-04,)] [eta: 9 days, 23:38:28, time (data): 0.882 (0.006)] l_pix: 6.7718e-02 
2025-05-21 14:50:01,731 INFO: [train..][epoch:  2, iter:  52,800, lr:(2.000e-04,)] [eta: 9 days, 23:23:58, time (data): 0.885 (0.006)] l_pix: 5.3883e-02 
2025-05-21 14:51:30,351 INFO: [train..][epoch:  2, iter:  52,900, lr:(2.000e-04,)] [eta: 9 days, 23:09:34, time (data): 0.887 (0.006)] l_pix: 4.8841e-02 
2025-05-21 14:52:58,830 INFO: [train..][epoch:  2, iter:  53,000, lr:(2.000e-04,)] [eta: 9 days, 22:55:17, time (data): 0.886 (0.006)] l_pix: 6.0262e-02 
2025-05-21 14:54:27,194 INFO: [train..][epoch:  2, iter:  53,100, lr:(2.000e-04,)] [eta: 9 days, 22:41:15, time (data): 0.884 (0.006)] l_pix: 7.2903e-02 
2025-05-21 14:55:55,632 INFO: [train..][epoch:  2, iter:  53,200, lr:(2.000e-04,)] [eta: 9 days, 22:28:21, time (data): 0.884 (0.006)] l_pix: 5.9336e-02 
2025-05-21 14:57:24,047 INFO: [train..][epoch:  2, iter:  53,300, lr:(2.000e-04,)] [eta: 9 days, 22:16:03, time (data): 0.884 (0.006)] l_pix: 5.2618e-02 
2025-05-21 14:58:52,445 INFO: [train..][epoch:  2, iter:  53,400, lr:(2.000e-04,)] [eta: 9 days, 22:04:18, time (data): 0.884 (0.006)] l_pix: 5.0309e-02 
2025-05-21 15:00:20,817 INFO: [train..][epoch:  2, iter:  53,500, lr:(2.000e-04,)] [eta: 9 days, 21:53:01, time (data): 0.884 (0.006)] l_pix: 5.8034e-02 
2025-05-21 15:01:49,164 INFO: [train..][epoch:  2, iter:  53,600, lr:(2.000e-04,)] [eta: 9 days, 21:42:10, time (data): 0.884 (0.006)] l_pix: 3.7010e-02 
2025-05-21 15:03:17,657 INFO: [train..][epoch:  2, iter:  53,700, lr:(2.000e-04,)] [eta: 9 days, 21:32:27, time (data): 0.885 (0.006)] l_pix: 5.1521e-02 
2025-05-21 15:04:46,299 INFO: [train..][epoch:  2, iter:  53,800, lr:(2.000e-04,)] [eta: 9 days, 21:23:47, time (data): 0.886 (0.006)] l_pix: 5.8895e-02 
2025-05-21 15:06:14,884 INFO: [train..][epoch:  2, iter:  53,900, lr:(2.000e-04,)] [eta: 9 days, 21:15:15, time (data): 0.886 (0.006)] l_pix: 5.0184e-02 
2025-05-21 15:07:43,095 INFO: [train..][epoch:  2, iter:  54,000, lr:(2.000e-04,)] [eta: 9 days, 21:05:36, time (data): 0.884 (0.006)] l_pix: 5.4744e-02 
2025-05-21 15:09:14,938 INFO: [train..][epoch:  2, iter:  54,100, lr:(2.000e-04,)] [eta: 9 days, 21:10:19, time (data): 0.926 (0.006)] l_pix: 4.2952e-02 
